{"C:\\Users\\MArk Sameh\\Downloads\\Bill\\Bill\\src\\constants\\routes.js": {"path":"C:\\Users\\MArk Sameh\\Downloads\\Bill\\Bill\\src\\constants\\routes.js","statementMap":{"0":{"start":{"line":6,"column":27},"end":{"line":11,"column":1}},"1":{"start":{"line":13,"column":22},"end":{"line":26,"column":1}},"2":{"start":{"line":14,"column":2},"end":{"line":25,"column":3}},"3":{"start":{"line":16,"column":6},"end":{"line":16,"column":46}},"4":{"start":{"line":18,"column":6},"end":{"line":18,"column":46}},"5":{"start":{"line":20,"column":6},"end":{"line":20,"column":24}},"6":{"start":{"line":22,"column":6},"end":{"line":22,"column":50}},"7":{"start":{"line":24,"column":6},"end":{"line":24,"column":46}}},"fnMap":{"0":{"name":"(anonymous_0)","decl":{"start":{"line":13,"column":22},"end":{"line":13,"column":23}},"loc":{"start":{"line":13,"column":62},"end":{"line":26,"column":1}},"line":13}},"branchMap":{"0":{"loc":{"start":{"line":14,"column":2},"end":{"line":25,"column":3}},"type":"switch","locations":[{"start":{"line":15,"column":4},"end":{"line":16,"column":46}},{"start":{"line":17,"column":4},"end":{"line":18,"column":46}},{"start":{"line":19,"column":4},"end":{"line":20,"column":24}},{"start":{"line":21,"column":4},"end":{"line":22,"column":50}},{"start":{"line":23,"column":4},"end":{"line":24,"column":46}}],"line":14}},"s":{"0":6,"1":6,"2":15,"3":3,"4":3,"5":3,"6":5,"7":1},"f":{"0":15},"b":{"0":[3,3,3,5,1]},"_coverageSchema":"1a1c01bbd47fc00a2c39e90264f33305004495a9","hash":"f8fffbbb2dced84141ae594a58c111e20495165e"}
,"C:\\Users\\MArk Sameh\\Downloads\\Bill\\Bill\\src\\constants\\usersTest.js": {"path":"C:\\Users\\MArk Sameh\\Downloads\\Bill\\Bill\\src\\constants\\usersTest.js","statementMap":{},"fnMap":{},"branchMap":{},"s":{},"f":{},"b":{},"_coverageSchema":"1a1c01bbd47fc00a2c39e90264f33305004495a9","hash":"a3b8e7aa96936b0979f2e4aafabad8d7dbae0b9b"}
,"C:\\Users\\MArk Sameh\\Downloads\\Bill\\Bill\\src\\containers\\Bills.js": {"path":"C:\\Users\\MArk Sameh\\Downloads\\Bill\\Bill\\src\\containers\\Bills.js","statementMap":{"0":{"start":{"line":7,"column":2},"end":{"line":7,"column":27}},"1":{"start":{"line":8,"column":2},"end":{"line":8,"column":31}},"2":{"start":{"line":9,"column":2},"end":{"line":9,"column":29}},"3":{"start":{"line":10,"column":24},"end":{"line":12,"column":3}},"4":{"start":{"line":13,"column":2},"end":{"line":15,"column":3}},"5":{"start":{"line":14,"column":3},"end":{"line":14,"column":68}},"6":{"start":{"line":16,"column":18},"end":{"line":18,"column":3}},"7":{"start":{"line":20,"column":2},"end":{"line":26,"column":3}},"8":{"start":{"line":21,"column":3},"end":{"line":25,"column":6}},"9":{"start":{"line":22,"column":4},"end":{"line":24,"column":6}},"10":{"start":{"line":23,"column":5},"end":{"line":23,"column":34}},"11":{"start":{"line":27,"column":2},"end":{"line":27,"column":53}},"12":{"start":{"line":30,"column":22},"end":{"line":32,"column":2}},"13":{"start":{"line":31,"column":2},"end":{"line":31,"column":42}},"14":{"start":{"line":34,"column":22},"end":{"line":48,"column":2}},"15":{"start":{"line":35,"column":2},"end":{"line":35,"column":34}},"16":{"start":{"line":36,"column":18},"end":{"line":36,"column":66}},"17":{"start":{"line":37,"column":19},"end":{"line":37,"column":61}},"18":{"start":{"line":38,"column":2},"end":{"line":42,"column":5}},"19":{"start":{"line":43,"column":2},"end":{"line":45,"column":3}},"20":{"start":{"line":44,"column":3},"end":{"line":44,"column":34}},"21":{"start":{"line":51,"column":12},"end":{"line":72,"column":2}},"22":{"start":{"line":52,"column":20},"end":{"line":54,"column":7}},"23":{"start":{"line":55,"column":2},"end":{"line":71,"column":3}},"24":{"start":{"line":56,"column":3},"end":{"line":70,"column":29}},"25":{"start":{"line":61,"column":19},"end":{"line":67,"column":49}},"26":{"start":{"line":62,"column":21},"end":{"line":66,"column":7}},"27":{"start":{"line":67,"column":24},"end":{"line":67,"column":48}},"28":{"start":{"line":68,"column":5},"end":{"line":68,"column":18}},"29":{"start":{"line":70,"column":22},"end":{"line":70,"column":27}}},"fnMap":{"0":{"name":"(anonymous_0)","decl":{"start":{"line":6,"column":1},"end":{"line":6,"column":2}},"loc":{"start":{"line":6,"column":64},"end":{"line":28,"column":2}},"line":6},"1":{"name":"(anonymous_1)","decl":{"start":{"line":21,"column":19},"end":{"line":21,"column":20}},"loc":{"start":{"line":21,"column":29},"end":{"line":25,"column":4}},"line":21},"2":{"name":"(anonymous_2)","decl":{"start":{"line":22,"column":35},"end":{"line":22,"column":36}},"loc":{"start":{"line":23,"column":5},"end":{"line":23,"column":34}},"line":23},"3":{"name":"(anonymous_3)","decl":{"start":{"line":30,"column":22},"end":{"line":30,"column":23}},"loc":{"start":{"line":30,"column":28},"end":{"line":32,"column":2}},"line":30},"4":{"name":"(anonymous_4)","decl":{"start":{"line":34,"column":22},"end":{"line":34,"column":23}},"loc":{"start":{"line":34,"column":32},"end":{"line":48,"column":2}},"line":34},"5":{"name":"(anonymous_5)","decl":{"start":{"line":51,"column":12},"end":{"line":51,"column":13}},"loc":{"start":{"line":51,"column":18},"end":{"line":72,"column":2}},"line":51},"6":{"name":"(anonymous_6)","decl":{"start":{"line":60,"column":10},"end":{"line":60,"column":11}},"loc":{"start":{"line":60,"column":24},"end":{"line":69,"column":5}},"line":60},"7":{"name":"(anonymous_7)","decl":{"start":{"line":62,"column":11},"end":{"line":62,"column":12}},"loc":{"start":{"line":62,"column":21},"end":{"line":66,"column":7}},"line":62},"8":{"name":"(anonymous_8)","decl":{"start":{"line":67,"column":14},"end":{"line":67,"column":15}},"loc":{"start":{"line":67,"column":24},"end":{"line":67,"column":48}},"line":67},"9":{"name":"(anonymous_9)","decl":{"start":{"line":70,"column":11},"end":{"line":70,"column":12}},"loc":{"start":{"line":70,"column":22},"end":{"line":70,"column":27}},"line":70}},"branchMap":{"0":{"loc":{"start":{"line":13,"column":2},"end":{"line":15,"column":3}},"type":"if","locations":[{"start":{"line":13,"column":2},"end":{"line":15,"column":3}},{"start":{"line":13,"column":2},"end":{"line":15,"column":3}}],"line":13},"1":{"loc":{"start":{"line":20,"column":2},"end":{"line":26,"column":3}},"type":"if","locations":[{"start":{"line":20,"column":2},"end":{"line":26,"column":3}},{"start":{"line":20,"column":2},"end":{"line":26,"column":3}}],"line":20},"2":{"loc":{"start":{"line":43,"column":2},"end":{"line":45,"column":3}},"type":"if","locations":[{"start":{"line":43,"column":2},"end":{"line":45,"column":3}},{"start":{"line":43,"column":2},"end":{"line":45,"column":3}}],"line":43},"3":{"loc":{"start":{"line":52,"column":20},"end":{"line":54,"column":7}},"type":"cond-expr","locations":[{"start":{"line":53,"column":5},"end":{"line":53,"column":51}},{"start":{"line":54,"column":5},"end":{"line":54,"column":7}}],"line":52},"4":{"loc":{"start":{"line":55,"column":2},"end":{"line":71,"column":3}},"type":"if","locations":[{"start":{"line":55,"column":2},"end":{"line":71,"column":3}},{"start":{"line":55,"column":2},"end":{"line":71,"column":3}}],"line":55}},"s":{"0":3,"1":3,"2":3,"3":3,"4":3,"5":2,"6":3,"7":3,"8":3,"9":5,"10":1,"11":3,"12":3,"13":2,"14":3,"15":2,"16":2,"17":2,"18":2,"19":2,"20":0,"21":3,"22":0,"23":0,"24":0,"25":0,"26":0,"27":0,"28":0,"29":0},"f":{"0":3,"1":5,"2":1,"3":2,"4":2,"5":0,"6":0,"7":0,"8":0,"9":0},"b":{"0":[2,1],"1":[3,0],"2":[0,2],"3":[0,0],"4":[0,0]},"_coverageSchema":"1a1c01bbd47fc00a2c39e90264f33305004495a9","hash":"596a6879f2b318741bf0f41b35123698a0d622f1"}
,"C:\\Users\\MArk Sameh\\Downloads\\Bill\\Bill\\src\\containers\\Dashboard.js": {"path":"C:\\Users\\MArk Sameh\\Downloads\\Bill\\Bill\\src\\containers\\Dashboard.js","statementMap":{"0":{"start":{"line":8,"column":29},"end":{"line":28,"column":1}},"1":{"start":{"line":9,"column":1},"end":{"line":27,"column":7}},"2":{"start":{"line":14,"column":4},"end":{"line":23,"column":5}},"3":{"start":{"line":15,"column":5},"end":{"line":15,"column":46}},"4":{"start":{"line":18,"column":23},"end":{"line":19,"column":12}},"5":{"start":{"line":20,"column":5},"end":{"line":22,"column":54}},"6":{"start":{"line":25,"column":4},"end":{"line":25,"column":27}},"7":{"start":{"line":30,"column":20},"end":{"line":57,"column":1}},"8":{"start":{"line":31,"column":27},"end":{"line":31,"column":51}},"9":{"start":{"line":32,"column":19},"end":{"line":34,"column":6}},"10":{"start":{"line":35,"column":18},"end":{"line":37,"column":21}},"11":{"start":{"line":39,"column":1},"end":{"line":56,"column":4}},"12":{"start":{"line":59,"column":21},"end":{"line":63,"column":1}},"13":{"start":{"line":60,"column":1},"end":{"line":62,"column":7}},"14":{"start":{"line":61,"column":24},"end":{"line":61,"column":34}},"15":{"start":{"line":65,"column":25},"end":{"line":74,"column":1}},"16":{"start":{"line":66,"column":1},"end":{"line":73,"column":2}},"17":{"start":{"line":68,"column":3},"end":{"line":68,"column":20}},"18":{"start":{"line":70,"column":3},"end":{"line":70,"column":21}},"19":{"start":{"line":72,"column":3},"end":{"line":72,"column":20}},"20":{"start":{"line":78,"column":2},"end":{"line":78,"column":27}},"21":{"start":{"line":79,"column":2},"end":{"line":79,"column":31}},"22":{"start":{"line":80,"column":2},"end":{"line":80,"column":29}},"23":{"start":{"line":81,"column":2},"end":{"line":81,"column":70}},"24":{"start":{"line":81,"column":33},"end":{"line":81,"column":68}},"25":{"start":{"line":82,"column":2},"end":{"line":82,"column":70}},"26":{"start":{"line":82,"column":33},"end":{"line":82,"column":68}},"27":{"start":{"line":83,"column":2},"end":{"line":83,"column":70}},"28":{"start":{"line":83,"column":33},"end":{"line":83,"column":68}},"29":{"start":{"line":84,"column":2},"end":{"line":84,"column":26}},"30":{"start":{"line":85,"column":2},"end":{"line":85,"column":43}},"31":{"start":{"line":88,"column":22},"end":{"line":98,"column":2}},"32":{"start":{"line":89,"column":18},"end":{"line":89,"column":56}},"33":{"start":{"line":90,"column":19},"end":{"line":90,"column":67}},"34":{"start":{"line":91,"column":2},"end":{"line":95,"column":5}},"35":{"start":{"line":96,"column":2},"end":{"line":97,"column":40}},"36":{"start":{"line":97,"column":3},"end":{"line":97,"column":40}},"37":{"start":{"line":101,"column":2},"end":{"line":118,"column":3}},"38":{"start":{"line":105,"column":3},"end":{"line":105,"column":60}},"39":{"start":{"line":107,"column":3},"end":{"line":109,"column":9}},"40":{"start":{"line":110,"column":3},"end":{"line":110,"column":50}},"41":{"start":{"line":112,"column":3},"end":{"line":114,"column":6}},"42":{"start":{"line":113,"column":4},"end":{"line":113,"column":58}},"43":{"start":{"line":115,"column":3},"end":{"line":115,"column":60}},"44":{"start":{"line":116,"column":3},"end":{"line":116,"column":67}},"45":{"start":{"line":117,"column":3},"end":{"line":117,"column":50}},"46":{"start":{"line":121,"column":22},"end":{"line":129,"column":2}},"47":{"start":{"line":122,"column":18},"end":{"line":126,"column":3}},"48":{"start":{"line":127,"column":2},"end":{"line":127,"column":27}},"49":{"start":{"line":128,"column":2},"end":{"line":128,"column":44}},"50":{"start":{"line":131,"column":22},"end":{"line":139,"column":2}},"51":{"start":{"line":132,"column":18},"end":{"line":136,"column":3}},"52":{"start":{"line":137,"column":2},"end":{"line":137,"column":27}},"53":{"start":{"line":138,"column":2},"end":{"line":138,"column":44}},"54":{"start":{"line":142,"column":2},"end":{"line":143,"column":20}},"55":{"start":{"line":143,"column":3},"end":{"line":143,"column":20}},"56":{"start":{"line":144,"column":2},"end":{"line":145,"column":22}},"57":{"start":{"line":145,"column":3},"end":{"line":145,"column":22}},"58":{"start":{"line":146,"column":2},"end":{"line":156,"column":3}},"59":{"start":{"line":147,"column":3},"end":{"line":147,"column":68}},"60":{"start":{"line":148,"column":3},"end":{"line":150,"column":5}},"61":{"start":{"line":151,"column":3},"end":{"line":151,"column":18}},"62":{"start":{"line":153,"column":3},"end":{"line":153,"column":69}},"63":{"start":{"line":154,"column":3},"end":{"line":154,"column":54}},"64":{"start":{"line":155,"column":3},"end":{"line":155,"column":18}},"65":{"start":{"line":158,"column":2},"end":{"line":162,"column":5}},"66":{"start":{"line":159,"column":3},"end":{"line":161,"column":5}},"67":{"start":{"line":160,"column":4},"end":{"line":160,"column":41}},"68":{"start":{"line":164,"column":2},"end":{"line":164,"column":15}},"69":{"start":{"line":168,"column":20},"end":{"line":185,"column":2}},"70":{"start":{"line":169,"column":2},"end":{"line":184,"column":3}},"71":{"start":{"line":170,"column":3},"end":{"line":183,"column":24}},"72":{"start":{"line":175,"column":19},"end":{"line":180,"column":8}},"73":{"start":{"line":175,"column":47},"end":{"line":180,"column":6}},"74":{"start":{"line":181,"column":5},"end":{"line":181,"column":18}},"75":{"start":{"line":188,"column":14},"end":{"line":196,"column":2}},"76":{"start":{"line":189,"column":2},"end":{"line":195,"column":3}},"77":{"start":{"line":190,"column":3},"end":{"line":194,"column":24}},"78":{"start":{"line":193,"column":20},"end":{"line":193,"column":24}}},"fnMap":{"0":{"name":"(anonymous_0)","decl":{"start":{"line":8,"column":29},"end":{"line":8,"column":30}},"loc":{"start":{"line":8,"column":47},"end":{"line":28,"column":1}},"line":8},"1":{"name":"(anonymous_1)","decl":{"start":{"line":10,"column":16},"end":{"line":10,"column":17}},"loc":{"start":{"line":10,"column":26},"end":{"line":26,"column":5}},"line":10},"2":{"name":"(anonymous_2)","decl":{"start":{"line":30,"column":20},"end":{"line":30,"column":21}},"loc":{"start":{"line":30,"column":30},"end":{"line":57,"column":1}},"line":30},"3":{"name":"(anonymous_3)","decl":{"start":{"line":59,"column":21},"end":{"line":59,"column":22}},"loc":{"start":{"line":59,"column":32},"end":{"line":63,"column":1}},"line":59},"4":{"name":"(anonymous_4)","decl":{"start":{"line":61,"column":14},"end":{"line":61,"column":15}},"loc":{"start":{"line":61,"column":24},"end":{"line":61,"column":34}},"line":61},"5":{"name":"(anonymous_5)","decl":{"start":{"line":65,"column":25},"end":{"line":65,"column":26}},"loc":{"start":{"line":65,"column":36},"end":{"line":74,"column":1}},"line":65},"6":{"name":"(anonymous_6)","decl":{"start":{"line":77,"column":1},"end":{"line":77,"column":2}},"loc":{"start":{"line":77,"column":71},"end":{"line":86,"column":2}},"line":77},"7":{"name":"(anonymous_7)","decl":{"start":{"line":81,"column":26},"end":{"line":81,"column":27}},"loc":{"start":{"line":81,"column":33},"end":{"line":81,"column":68}},"line":81},"8":{"name":"(anonymous_8)","decl":{"start":{"line":82,"column":26},"end":{"line":82,"column":27}},"loc":{"start":{"line":82,"column":33},"end":{"line":82,"column":68}},"line":82},"9":{"name":"(anonymous_9)","decl":{"start":{"line":83,"column":26},"end":{"line":83,"column":27}},"loc":{"start":{"line":83,"column":33},"end":{"line":83,"column":68}},"line":83},"10":{"name":"(anonymous_10)","decl":{"start":{"line":88,"column":22},"end":{"line":88,"column":23}},"loc":{"start":{"line":88,"column":28},"end":{"line":98,"column":2}},"line":88},"11":{"name":"(anonymous_11)","decl":{"start":{"line":100,"column":1},"end":{"line":100,"column":2}},"loc":{"start":{"line":100,"column":34},"end":{"line":119,"column":2}},"line":100},"12":{"name":"(anonymous_12)","decl":{"start":{"line":112,"column":17},"end":{"line":112,"column":18}},"loc":{"start":{"line":112,"column":24},"end":{"line":114,"column":4}},"line":112},"13":{"name":"(anonymous_13)","decl":{"start":{"line":121,"column":22},"end":{"line":121,"column":23}},"loc":{"start":{"line":121,"column":35},"end":{"line":129,"column":2}},"line":121},"14":{"name":"(anonymous_14)","decl":{"start":{"line":131,"column":22},"end":{"line":131,"column":23}},"loc":{"start":{"line":131,"column":35},"end":{"line":139,"column":2}},"line":131},"15":{"name":"(anonymous_15)","decl":{"start":{"line":141,"column":1},"end":{"line":141,"column":2}},"loc":{"start":{"line":141,"column":36},"end":{"line":165,"column":2}},"line":141},"16":{"name":"(anonymous_16)","decl":{"start":{"line":158,"column":16},"end":{"line":158,"column":17}},"loc":{"start":{"line":158,"column":26},"end":{"line":162,"column":3}},"line":158},"17":{"name":"(anonymous_17)","decl":{"start":{"line":159,"column":35},"end":{"line":159,"column":36}},"loc":{"start":{"line":160,"column":4},"end":{"line":160,"column":41}},"line":160},"18":{"name":"(anonymous_18)","decl":{"start":{"line":168,"column":20},"end":{"line":168,"column":21}},"loc":{"start":{"line":168,"column":26},"end":{"line":185,"column":2}},"line":168},"19":{"name":"(anonymous_19)","decl":{"start":{"line":174,"column":10},"end":{"line":174,"column":11}},"loc":{"start":{"line":174,"column":24},"end":{"line":182,"column":5}},"line":174},"20":{"name":"(anonymous_20)","decl":{"start":{"line":175,"column":37},"end":{"line":175,"column":38}},"loc":{"start":{"line":175,"column":47},"end":{"line":180,"column":6}},"line":175},"21":{"name":"(anonymous_21)","decl":{"start":{"line":188,"column":14},"end":{"line":188,"column":15}},"loc":{"start":{"line":188,"column":24},"end":{"line":196,"column":2}},"line":188},"22":{"name":"(anonymous_22)","decl":{"start":{"line":193,"column":10},"end":{"line":193,"column":11}},"loc":{"start":{"line":193,"column":20},"end":{"line":193,"column":24}},"line":193}},"branchMap":{"0":{"loc":{"start":{"line":9,"column":8},"end":{"line":27,"column":6}},"type":"cond-expr","locations":[{"start":{"line":10,"column":4},"end":{"line":26,"column":6}},{"start":{"line":27,"column":4},"end":{"line":27,"column":6}}],"line":9},"1":{"loc":{"start":{"line":9,"column":8},"end":{"line":9,"column":27}},"type":"binary-expr","locations":[{"start":{"line":9,"column":8},"end":{"line":9,"column":12}},{"start":{"line":9,"column":16},"end":{"line":9,"column":27}}],"line":9},"2":{"loc":{"start":{"line":14,"column":4},"end":{"line":23,"column":5}},"type":"if","locations":[{"start":{"line":14,"column":4},"end":{"line":23,"column":5}},{"start":{"line":14,"column":4},"end":{"line":23,"column":5}}],"line":14},"3":{"loc":{"start":{"line":21,"column":6},"end":{"line":22,"column":53}},"type":"binary-expr","locations":[{"start":{"line":21,"column":6},"end":{"line":21,"column":28}},{"start":{"line":22,"column":6},"end":{"line":22,"column":53}}],"line":21},"4":{"loc":{"start":{"line":32,"column":19},"end":{"line":34,"column":6}},"type":"cond-expr","locations":[{"start":{"line":33,"column":4},"end":{"line":33,"column":35}},{"start":{"line":34,"column":4},"end":{"line":34,"column":6}}],"line":32},"5":{"loc":{"start":{"line":35,"column":18},"end":{"line":37,"column":21}},"type":"cond-expr","locations":[{"start":{"line":36,"column":4},"end":{"line":36,"column":35}},{"start":{"line":37,"column":4},"end":{"line":37,"column":21}}],"line":35},"6":{"loc":{"start":{"line":60,"column":8},"end":{"line":62,"column":6}},"type":"cond-expr","locations":[{"start":{"line":61,"column":4},"end":{"line":61,"column":44}},{"start":{"line":62,"column":4},"end":{"line":62,"column":6}}],"line":60},"7":{"loc":{"start":{"line":60,"column":8},"end":{"line":60,"column":29}},"type":"binary-expr","locations":[{"start":{"line":60,"column":8},"end":{"line":60,"column":13}},{"start":{"line":60,"column":17},"end":{"line":60,"column":29}}],"line":60},"8":{"loc":{"start":{"line":66,"column":1},"end":{"line":73,"column":2}},"type":"switch","locations":[{"start":{"line":67,"column":2},"end":{"line":68,"column":20}},{"start":{"line":69,"column":2},"end":{"line":70,"column":21}},{"start":{"line":71,"column":2},"end":{"line":72,"column":20}}],"line":66},"9":{"loc":{"start":{"line":96,"column":2},"end":{"line":97,"column":40}},"type":"if","locations":[{"start":{"line":96,"column":2},"end":{"line":97,"column":40}},{"start":{"line":96,"column":2},"end":{"line":97,"column":40}}],"line":96},"10":{"loc":{"start":{"line":101,"column":2},"end":{"line":118,"column":3}},"type":"if","locations":[{"start":{"line":101,"column":2},"end":{"line":118,"column":3}},{"start":{"line":101,"column":2},"end":{"line":118,"column":3}}],"line":101},"11":{"loc":{"start":{"line":142,"column":2},"end":{"line":143,"column":20}},"type":"if","locations":[{"start":{"line":142,"column":2},"end":{"line":143,"column":20}},{"start":{"line":142,"column":2},"end":{"line":143,"column":20}}],"line":142},"12":{"loc":{"start":{"line":142,"column":6},"end":{"line":142,"column":56}},"type":"binary-expr","locations":[{"start":{"line":142,"column":6},"end":{"line":142,"column":32}},{"start":{"line":142,"column":36},"end":{"line":142,"column":56}}],"line":142},"13":{"loc":{"start":{"line":144,"column":2},"end":{"line":145,"column":22}},"type":"if","locations":[{"start":{"line":144,"column":2},"end":{"line":145,"column":22}},{"start":{"line":144,"column":2},"end":{"line":145,"column":22}}],"line":144},"14":{"loc":{"start":{"line":144,"column":6},"end":{"line":144,"column":54}},"type":"binary-expr","locations":[{"start":{"line":144,"column":6},"end":{"line":144,"column":30}},{"start":{"line":144,"column":34},"end":{"line":144,"column":54}}],"line":144},"15":{"loc":{"start":{"line":146,"column":2},"end":{"line":156,"column":3}},"type":"if","locations":[{"start":{"line":146,"column":2},"end":{"line":156,"column":3}},{"start":{"line":146,"column":2},"end":{"line":156,"column":3}}],"line":146},"16":{"loc":{"start":{"line":169,"column":2},"end":{"line":184,"column":3}},"type":"if","locations":[{"start":{"line":169,"column":2},"end":{"line":184,"column":3}},{"start":{"line":169,"column":2},"end":{"line":184,"column":3}}],"line":169},"17":{"loc":{"start":{"line":189,"column":2},"end":{"line":195,"column":3}},"type":"if","locations":[{"start":{"line":189,"column":2},"end":{"line":195,"column":3}},{"start":{"line":189,"column":2},"end":{"line":195,"column":3}}],"line":189}},"s":{"0":6,"1":27,"2":24,"3":24,"4":0,"5":0,"6":24,"7":6,"8":8,"9":8,"10":8,"11":8,"12":6,"13":5,"14":8,"15":6,"16":3,"17":1,"18":1,"19":1,"20":5,"21":5,"22":5,"23":5,"24":0,"25":5,"26":0,"27":5,"28":0,"29":5,"30":5,"31":5,"32":1,"33":1,"34":1,"35":1,"36":0,"37":2,"38":1,"39":1,"40":1,"41":1,"42":4,"43":1,"44":1,"45":1,"46":5,"47":1,"48":1,"49":1,"50":5,"51":1,"52":1,"53":1,"54":4,"55":3,"56":4,"57":3,"58":4,"59":3,"60":3,"61":3,"62":1,"63":1,"64":1,"65":4,"66":16,"67":0,"68":4,"69":5,"70":5,"71":0,"72":0,"73":0,"74":0,"75":5,"76":2,"77":0,"78":0},"f":{"0":27,"1":24,"2":8,"3":5,"4":8,"5":3,"6":5,"7":0,"8":0,"9":0,"10":1,"11":2,"12":4,"13":1,"14":1,"15":4,"16":16,"17":0,"18":5,"19":0,"20":0,"21":2,"22":0},"b":{"0":[6,21],"1":[27,6],"2":[24,0],"3":[0,0],"4":[0,8],"5":[0,8],"6":[4,1],"7":[5,5],"8":[1,1,1],"9":[0,1],"10":[1,1],"11":[3,1],"12":[4,3],"13":[3,1],"14":[4,3],"15":[3,1],"16":[0,5],"17":[0,2]},"_coverageSchema":"1a1c01bbd47fc00a2c39e90264f33305004495a9","hash":"1a59c917d9e3b41d8703cb7a00ef34fd03a910d0"}
,"C:\\Users\\MArk Sameh\\Downloads\\Bill\\Bill\\src\\containers\\Login.js": {"path":"C:\\Users\\MArk Sameh\\Downloads\\Bill\\Bill\\src\\containers\\Login.js","statementMap":{"0":{"start":{"line":3,"column":31},"end":{"line":3,"column":33}},"1":{"start":{"line":8,"column":4},"end":{"line":8,"column":28}},"2":{"start":{"line":9,"column":4},"end":{"line":9,"column":36}},"3":{"start":{"line":10,"column":4},"end":{"line":10,"column":32}},"4":{"start":{"line":11,"column":4},"end":{"line":11,"column":46}},"5":{"start":{"line":12,"column":4},"end":{"line":12,"column":30}},"6":{"start":{"line":13,"column":25},"end":{"line":13,"column":89}},"7":{"start":{"line":14,"column":4},"end":{"line":14,"column":70}},"8":{"start":{"line":15,"column":22},"end":{"line":15,"column":83}},"9":{"start":{"line":16,"column":4},"end":{"line":16,"column":64}},"10":{"start":{"line":18,"column":25},"end":{"line":33,"column":3}},"11":{"start":{"line":19,"column":17},"end":{"line":24,"column":5}},"12":{"start":{"line":25,"column":4},"end":{"line":25,"column":59}},"13":{"start":{"line":26,"column":23},"end":{"line":26,"column":51}},"14":{"start":{"line":27,"column":4},"end":{"line":27,"column":42}},"15":{"start":{"line":27,"column":21},"end":{"line":27,"column":42}},"16":{"start":{"line":28,"column":4},"end":{"line":28,"column":22}},"17":{"start":{"line":29,"column":4},"end":{"line":29,"column":41}},"18":{"start":{"line":30,"column":4},"end":{"line":30,"column":49}},"19":{"start":{"line":31,"column":4},"end":{"line":31,"column":46}},"20":{"start":{"line":32,"column":4},"end":{"line":32,"column":51}},"21":{"start":{"line":35,"column":22},"end":{"line":50,"column":3}},"22":{"start":{"line":36,"column":17},"end":{"line":41,"column":5}},"23":{"start":{"line":42,"column":4},"end":{"line":42,"column":59}},"24":{"start":{"line":43,"column":23},"end":{"line":43,"column":51}},"25":{"start":{"line":44,"column":4},"end":{"line":44,"column":42}},"26":{"start":{"line":44,"column":21},"end":{"line":44,"column":42}},"27":{"start":{"line":45,"column":4},"end":{"line":45,"column":22}},"28":{"start":{"line":46,"column":4},"end":{"line":46,"column":45}},"29":{"start":{"line":47,"column":4},"end":{"line":47,"column":53}},"30":{"start":{"line":48,"column":4},"end":{"line":48,"column":46}},"31":{"start":{"line":49,"column":4},"end":{"line":49,"column":46}},"32":{"start":{"line":53,"column":22},"end":{"line":70,"column":3}},"33":{"start":{"line":54,"column":4},"end":{"line":69,"column":5}},"34":{"start":{"line":55,"column":6},"end":{"line":66,"column":28}},"35":{"start":{"line":59,"column":8},"end":{"line":64,"column":9}},"36":{"start":{"line":60,"column":10},"end":{"line":60,"column":55}},"37":{"start":{"line":61,"column":10},"end":{"line":61,"column":21}},"38":{"start":{"line":63,"column":10},"end":{"line":63,"column":22}},"39":{"start":{"line":66,"column":22},"end":{"line":66,"column":27}},"40":{"start":{"line":68,"column":6},"end":{"line":68,"column":17}},"41":{"start":{"line":73,"column":15},"end":{"line":87,"column":3}},"42":{"start":{"line":74,"column":4},"end":{"line":86,"column":5}},"43":{"start":{"line":75,"column":6},"end":{"line":83,"column":28}},"44":{"start":{"line":82,"column":18},"end":{"line":82,"column":67}},"45":{"start":{"line":83,"column":22},"end":{"line":83,"column":27}},"46":{"start":{"line":85,"column":6},"end":{"line":85,"column":17}}},"fnMap":{"0":{"name":"(anonymous_0)","decl":{"start":{"line":7,"column":2},"end":{"line":7,"column":3}},"loc":{"start":{"line":7,"column":84},"end":{"line":17,"column":3}},"line":7},"1":{"name":"(anonymous_1)","decl":{"start":{"line":18,"column":25},"end":{"line":18,"column":26}},"loc":{"start":{"line":18,"column":30},"end":{"line":33,"column":3}},"line":18},"2":{"name":"(anonymous_2)","decl":{"start":{"line":35,"column":22},"end":{"line":35,"column":23}},"loc":{"start":{"line":35,"column":27},"end":{"line":50,"column":3}},"line":35},"3":{"name":"(anonymous_3)","decl":{"start":{"line":53,"column":22},"end":{"line":53,"column":23}},"loc":{"start":{"line":53,"column":32},"end":{"line":70,"column":3}},"line":53},"4":{"name":"(anonymous_4)","decl":{"start":{"line":58,"column":12},"end":{"line":58,"column":13}},"loc":{"start":{"line":58,"column":21},"end":{"line":65,"column":7}},"line":58},"5":{"name":"(anonymous_5)","decl":{"start":{"line":66,"column":13},"end":{"line":66,"column":14}},"loc":{"start":{"line":66,"column":22},"end":{"line":66,"column":27}},"line":66},"6":{"name":"(anonymous_6)","decl":{"start":{"line":73,"column":15},"end":{"line":73,"column":16}},"loc":{"start":{"line":73,"column":25},"end":{"line":87,"column":3}},"line":73},"7":{"name":"(anonymous_7)","decl":{"start":{"line":82,"column":12},"end":{"line":82,"column":13}},"loc":{"start":{"line":82,"column":18},"end":{"line":82,"column":67}},"line":82},"8":{"name":"(anonymous_8)","decl":{"start":{"line":83,"column":13},"end":{"line":83,"column":14}},"loc":{"start":{"line":83,"column":22},"end":{"line":83,"column":27}},"line":83}},"branchMap":{"0":{"loc":{"start":{"line":27,"column":4},"end":{"line":27,"column":42}},"type":"if","locations":[{"start":{"line":27,"column":4},"end":{"line":27,"column":42}},{"start":{"line":27,"column":4},"end":{"line":27,"column":42}}],"line":27},"1":{"loc":{"start":{"line":44,"column":4},"end":{"line":44,"column":42}},"type":"if","locations":[{"start":{"line":44,"column":4},"end":{"line":44,"column":42}},{"start":{"line":44,"column":4},"end":{"line":44,"column":42}}],"line":44},"2":{"loc":{"start":{"line":54,"column":4},"end":{"line":69,"column":5}},"type":"if","locations":[{"start":{"line":54,"column":4},"end":{"line":69,"column":5}},{"start":{"line":54,"column":4},"end":{"line":69,"column":5}}],"line":54},"3":{"loc":{"start":{"line":59,"column":8},"end":{"line":64,"column":9}},"type":"if","locations":[{"start":{"line":59,"column":8},"end":{"line":64,"column":9}},{"start":{"line":59,"column":8},"end":{"line":64,"column":9}}],"line":59},"4":{"loc":{"start":{"line":74,"column":4},"end":{"line":86,"column":5}},"type":"if","locations":[{"start":{"line":74,"column":4},"end":{"line":86,"column":5}},{"start":{"line":74,"column":4},"end":{"line":86,"column":5}}],"line":74}},"s":{"0":1,"1":2,"2":2,"3":2,"4":2,"5":2,"6":2,"7":2,"8":2,"9":2,"10":2,"11":2,"12":2,"13":2,"14":2,"15":2,"16":2,"17":2,"18":2,"19":2,"20":2,"21":2,"22":2,"23":2,"24":2,"25":2,"26":2,"27":2,"28":2,"29":2,"30":2,"31":2,"32":2,"33":4,"34":0,"35":0,"36":0,"37":0,"38":0,"39":0,"40":4,"41":2,"42":4,"43":0,"44":0,"45":0,"46":4},"f":{"0":2,"1":2,"2":2,"3":4,"4":0,"5":0,"6":4,"7":0,"8":0},"b":{"0":[2,0],"1":[2,0],"2":[0,4],"3":[0,0],"4":[0,4]},"_coverageSchema":"1a1c01bbd47fc00a2c39e90264f33305004495a9","hash":"4a7c63cf5cbe620c526e924a8c5f17608261b78c"}
,"C:\\Users\\MArk Sameh\\Downloads\\Bill\\Bill\\src\\containers\\Logout.js": {"path":"C:\\Users\\MArk Sameh\\Downloads\\Bill\\Bill\\src\\containers\\Logout.js","statementMap":{"0":{"start":{"line":5,"column":4},"end":{"line":5,"column":28}},"1":{"start":{"line":6,"column":4},"end":{"line":6,"column":32}},"2":{"start":{"line":7,"column":4},"end":{"line":7,"column":36}},"3":{"start":{"line":8,"column":4},"end":{"line":8,"column":51}},"4":{"start":{"line":11,"column":16},"end":{"line":14,"column":3}},"5":{"start":{"line":12,"column":4},"end":{"line":12,"column":29}},"6":{"start":{"line":13,"column":4},"end":{"line":13,"column":41}}},"fnMap":{"0":{"name":"(anonymous_0)","decl":{"start":{"line":4,"column":2},"end":{"line":4,"column":3}},"loc":{"start":{"line":4,"column":54},"end":{"line":9,"column":3}},"line":4},"1":{"name":"(anonymous_1)","decl":{"start":{"line":11,"column":16},"end":{"line":11,"column":17}},"loc":{"start":{"line":11,"column":23},"end":{"line":14,"column":3}},"line":11}},"branchMap":{},"s":{"0":11,"1":11,"2":11,"3":11,"4":11,"5":2,"6":2},"f":{"0":11,"1":2},"b":{},"_coverageSchema":"1a1c01bbd47fc00a2c39e90264f33305004495a9","hash":"833de3394b32c197ba7c585078be2a52f6050b5d"}
,"C:\\Users\\MArk Sameh\\Downloads\\Bill\\Bill\\src\\containers\\NewBill.js": {"path":"C:\\Users\\MArk Sameh\\Downloads\\Bill\\Bill\\src\\containers\\NewBill.js","statementMap":{"0":{"start":{"line":6,"column":2},"end":{"line":6,"column":27}},"1":{"start":{"line":7,"column":2},"end":{"line":7,"column":31}},"2":{"start":{"line":8,"column":2},"end":{"line":8,"column":29}},"3":{"start":{"line":9,"column":22},"end":{"line":11,"column":3}},"4":{"start":{"line":12,"column":2},"end":{"line":12,"column":60}},"5":{"start":{"line":13,"column":15},"end":{"line":13,"column":71}},"6":{"start":{"line":14,"column":2},"end":{"line":14,"column":57}},"7":{"start":{"line":15,"column":2},"end":{"line":15,"column":22}},"8":{"start":{"line":16,"column":2},"end":{"line":16,"column":23}},"9":{"start":{"line":17,"column":2},"end":{"line":17,"column":53}},"10":{"start":{"line":19,"column":16},"end":{"line":73,"column":2}},"11":{"start":{"line":20,"column":2},"end":{"line":20,"column":21}},"12":{"start":{"line":22,"column":15},"end":{"line":23,"column":12}},"13":{"start":{"line":24,"column":19},"end":{"line":24,"column":29}},"14":{"start":{"line":25,"column":2},"end":{"line":72,"column":6}},"15":{"start":{"line":28,"column":23},"end":{"line":28,"column":52}},"16":{"start":{"line":35,"column":4},"end":{"line":71,"column":30}},"17":{"start":{"line":69,"column":6},"end":{"line":69,"column":44}},"18":{"start":{"line":71,"column":23},"end":{"line":71,"column":28}}},"fnMap":{"0":{"name":"(anonymous_0)","decl":{"start":{"line":5,"column":1},"end":{"line":5,"column":2}},"loc":{"start":{"line":5,"column":64},"end":{"line":18,"column":2}},"line":5},"1":{"name":"(anonymous_1)","decl":{"start":{"line":19,"column":16},"end":{"line":19,"column":17}},"loc":{"start":{"line":19,"column":23},"end":{"line":73,"column":2}},"line":19},"2":{"name":"(anonymous_2)","decl":{"start":{"line":28,"column":9},"end":{"line":28,"column":10}},"loc":{"start":{"line":28,"column":23},"end":{"line":28,"column":52}},"line":28},"3":{"name":"(anonymous_3)","decl":{"start":{"line":29,"column":9},"end":{"line":29,"column":10}},"loc":{"start":{"line":29,"column":18},"end":{"line":72,"column":4}},"line":29},"4":{"name":"(anonymous_4)","decl":{"start":{"line":68,"column":11},"end":{"line":68,"column":12}},"loc":{"start":{"line":68,"column":17},"end":{"line":70,"column":6}},"line":68},"5":{"name":"(anonymous_5)","decl":{"start":{"line":71,"column":12},"end":{"line":71,"column":13}},"loc":{"start":{"line":71,"column":23},"end":{"line":71,"column":28}},"line":71}},"branchMap":{"0":{"loc":{"start":{"line":56,"column":7},"end":{"line":60,"column":14}},"type":"binary-expr","locations":[{"start":{"line":56,"column":7},"end":{"line":60,"column":8}},{"start":{"line":60,"column":12},"end":{"line":60,"column":14}}],"line":56}},"s":{"0":2,"1":2,"2":2,"3":2,"4":2,"5":2,"6":2,"7":2,"8":2,"9":2,"10":2,"11":1,"12":1,"13":1,"14":1,"15":0,"16":0,"17":0,"18":0},"f":{"0":2,"1":1,"2":0,"3":0,"4":0,"5":0},"b":{"0":[0,0]},"_coverageSchema":"1a1c01bbd47fc00a2c39e90264f33305004495a9","hash":"a275aba8a23540a54a5c2840d5f4c182b8afcf98"}
,"C:\\Users\\MArk Sameh\\Downloads\\Bill\\Bill\\src\\views\\Actions.js": {"path":"C:\\Users\\MArk Sameh\\Downloads\\Bill\\Bill\\src\\views\\Actions.js","statementMap":{"0":{"start":{"line":4,"column":1},"end":{"line":8,"column":12}}},"fnMap":{"0":{"name":"(anonymous_0)","decl":{"start":{"line":3,"column":15},"end":{"line":3,"column":16}},"loc":{"start":{"line":3,"column":28},"end":{"line":9,"column":1}},"line":3}},"branchMap":{},"s":{"0":3},"f":{"0":3},"b":{},"_coverageSchema":"1a1c01bbd47fc00a2c39e90264f33305004495a9","hash":"f8b3a99dee700749ef13370fd293fa7bc2ad85ea"}
,"C:\\Users\\MArk Sameh\\Downloads\\Bill\\Bill\\src\\views\\BillsUI.js": {"path":"C:\\Users\\MArk Sameh\\Downloads\\Bill\\Bill\\src\\views\\BillsUI.js","statementMap":{"0":{"start":{"line":7,"column":12},"end":{"line":24,"column":1}},"1":{"start":{"line":8,"column":1},"end":{"line":23,"column":6}},"2":{"start":{"line":26,"column":13},"end":{"line":28,"column":1}},"3":{"start":{"line":27,"column":1},"end":{"line":27,"column":74}},"4":{"start":{"line":27,"column":49},"end":{"line":27,"column":58}},"5":{"start":{"line":31,"column":15},"end":{"line":46,"column":3}},"6":{"start":{"line":31,"column":21},"end":{"line":46,"column":3}},"7":{"start":{"line":48,"column":1},"end":{"line":52,"column":2}},"8":{"start":{"line":49,"column":2},"end":{"line":49,"column":23}},"9":{"start":{"line":50,"column":8},"end":{"line":52,"column":2}},"10":{"start":{"line":51,"column":2},"end":{"line":51,"column":26}},"11":{"start":{"line":54,"column":1},"end":{"line":81,"column":12}}},"fnMap":{"0":{"name":"(anonymous_0)","decl":{"start":{"line":7,"column":12},"end":{"line":7,"column":13}},"loc":{"start":{"line":7,"column":22},"end":{"line":24,"column":1}},"line":7},"1":{"name":"(anonymous_1)","decl":{"start":{"line":26,"column":13},"end":{"line":26,"column":14}},"loc":{"start":{"line":26,"column":23},"end":{"line":28,"column":1}},"line":26},"2":{"name":"(anonymous_2)","decl":{"start":{"line":27,"column":39},"end":{"line":27,"column":40}},"loc":{"start":{"line":27,"column":49},"end":{"line":27,"column":58}},"line":27},"3":{"name":"(anonymous_3)","decl":{"start":{"line":30,"column":15},"end":{"line":30,"column":16}},"loc":{"start":{"line":30,"column":52},"end":{"line":82,"column":1}},"line":30},"4":{"name":"(anonymous_4)","decl":{"start":{"line":31,"column":15},"end":{"line":31,"column":16}},"loc":{"start":{"line":31,"column":21},"end":{"line":46,"column":3}},"line":31}},"branchMap":{"0":{"loc":{"start":{"line":27,"column":8},"end":{"line":27,"column":73}},"type":"cond-expr","locations":[{"start":{"line":27,"column":30},"end":{"line":27,"column":68}},{"start":{"line":27,"column":71},"end":{"line":27,"column":73}}],"line":27},"1":{"loc":{"start":{"line":27,"column":8},"end":{"line":27,"column":27}},"type":"binary-expr","locations":[{"start":{"line":27,"column":8},"end":{"line":27,"column":12}},{"start":{"line":27,"column":16},"end":{"line":27,"column":27}}],"line":27},"2":{"loc":{"start":{"line":48,"column":1},"end":{"line":52,"column":2}},"type":"if","locations":[{"start":{"line":48,"column":1},"end":{"line":52,"column":2}},{"start":{"line":48,"column":1},"end":{"line":52,"column":2}}],"line":48},"3":{"loc":{"start":{"line":50,"column":8},"end":{"line":52,"column":2}},"type":"if","locations":[{"start":{"line":50,"column":8},"end":{"line":52,"column":2}},{"start":{"line":50,"column":8},"end":{"line":52,"column":2}}],"line":50}},"s":{"0":6,"1":4,"2":6,"3":6,"4":4,"5":6,"6":6,"7":6,"8":0,"9":6,"10":0,"11":6},"f":{"0":4,"1":6,"2":4,"3":6,"4":6},"b":{"0":[1,5],"1":[6,3],"2":[0,6],"3":[0,6]},"_coverageSchema":"1a1c01bbd47fc00a2c39e90264f33305004495a9","hash":"44ea5841ec463fb32ba10e40a1d96cf54f1d4d32"}
,"C:\\Users\\MArk Sameh\\Downloads\\Bill\\Bill\\src\\views\\DashboardFormUI.js": {"path":"C:\\Users\\MArk Sameh\\Downloads\\Bill\\Bill\\src\\views\\DashboardFormUI.js","statementMap":{"0":{"start":{"line":7,"column":21},"end":{"line":22,"column":4}},"1":{"start":{"line":7,"column":28},"end":{"line":22,"column":3}},"2":{"start":{"line":26,"column":2},"end":{"line":101,"column":4}}},"fnMap":{"0":{"name":"(anonymous_0)","decl":{"start":{"line":7,"column":21},"end":{"line":7,"column":22}},"loc":{"start":{"line":7,"column":28},"end":{"line":22,"column":3}},"line":7},"1":{"name":"(anonymous_1)","decl":{"start":{"line":24,"column":15},"end":{"line":24,"column":16}},"loc":{"start":{"line":24,"column":25},"end":{"line":102,"column":1}},"line":24}},"branchMap":{"0":{"loc":{"start":{"line":79,"column":9},"end":{"line":89,"column":9}},"type":"cond-expr","locations":[{"start":{"line":79,"column":38},"end":{"line":84,"column":8}},{"start":{"line":84,"column":13},"end":{"line":89,"column":8}}],"line":79},"1":{"loc":{"start":{"line":92,"column":8},"end":{"line":97,"column":13}},"type":"cond-expr","locations":[{"start":{"line":92,"column":37},"end":{"line":97,"column":7}},{"start":{"line":97,"column":11},"end":{"line":97,"column":13}}],"line":92}},"s":{"0":7,"1":8,"2":8},"f":{"0":8,"1":8},"b":{"0":[5,3],"1":[5,3]},"_coverageSchema":"1a1c01bbd47fc00a2c39e90264f33305004495a9","hash":"7101bd25ce4d1c33403b5ba92d5bdb46f474319f"}
,"C:\\Users\\MArk Sameh\\Downloads\\Bill\\Bill\\src\\views\\DashboardUI.js": {"path":"C:\\Users\\MArk Sameh\\Downloads\\Bill\\Bill\\src\\views\\DashboardUI.js","statementMap":{"0":{"start":{"line":10,"column":2},"end":{"line":14,"column":3}},"1":{"start":{"line":11,"column":4},"end":{"line":11,"column":24}},"2":{"start":{"line":12,"column":9},"end":{"line":14,"column":3}},"3":{"start":{"line":13,"column":4},"end":{"line":13,"column":27}},"4":{"start":{"line":16,"column":2},"end":{"line":48,"column":3}}},"fnMap":{"0":{"name":"(anonymous_0)","decl":{"start":{"line":8,"column":15},"end":{"line":8,"column":16}},"loc":{"start":{"line":8,"column":45},"end":{"line":49,"column":1}},"line":8}},"branchMap":{"0":{"loc":{"start":{"line":10,"column":2},"end":{"line":14,"column":3}},"type":"if","locations":[{"start":{"line":10,"column":2},"end":{"line":14,"column":3}},{"start":{"line":10,"column":2},"end":{"line":14,"column":3}}],"line":10},"1":{"loc":{"start":{"line":12,"column":9},"end":{"line":14,"column":3}},"type":"if","locations":[{"start":{"line":12,"column":9},"end":{"line":14,"column":3}},{"start":{"line":12,"column":9},"end":{"line":14,"column":3}}],"line":12},"2":{"loc":{"start":{"line":22,"column":42},"end":{"line":22,"column":60}},"type":"binary-expr","locations":[{"start":{"line":22,"column":42},"end":{"line":22,"column":46}},{"start":{"line":22,"column":50},"end":{"line":22,"column":60}}],"line":22},"3":{"loc":{"start":{"line":29,"column":45},"end":{"line":29,"column":63}},"type":"binary-expr","locations":[{"start":{"line":29,"column":45},"end":{"line":29,"column":49}},{"start":{"line":29,"column":53},"end":{"line":29,"column":63}}],"line":29},"4":{"loc":{"start":{"line":36,"column":45},"end":{"line":36,"column":63}},"type":"binary-expr","locations":[{"start":{"line":36,"column":45},"end":{"line":36,"column":49}},{"start":{"line":36,"column":53},"end":{"line":36,"column":63}}],"line":36}},"s":{"0":11,"1":1,"2":10,"3":3,"4":7},"f":{"0":11},"b":{"0":[1,10],"1":[3,7],"2":[7,2],"3":[7,2],"4":[7,2]},"_coverageSchema":"1a1c01bbd47fc00a2c39e90264f33305004495a9","hash":"7a6e55d28b050d1e896c589d80b5e28d28a2f192"}
,"C:\\Users\\MArk Sameh\\Downloads\\Bill\\Bill\\src\\views\\ErrorPage.js": {"path":"C:\\Users\\MArk Sameh\\Downloads\\Bill\\Bill\\src\\views\\ErrorPage.js","statementMap":{"0":{"start":{"line":5,"column":2},"end":{"line":16,"column":3}}},"fnMap":{"0":{"name":"(anonymous_0)","decl":{"start":{"line":3,"column":15},"end":{"line":3,"column":16}},"loc":{"start":{"line":3,"column":26},"end":{"line":17,"column":1}},"line":3}},"branchMap":{"0":{"loc":{"start":{"line":13,"column":12},"end":{"line":13,"column":30}},"type":"cond-expr","locations":[{"start":{"line":13,"column":20},"end":{"line":13,"column":25}},{"start":{"line":13,"column":28},"end":{"line":13,"column":30}}],"line":13}},"s":{"0":5},"f":{"0":5},"b":{"0":[4,1]},"_coverageSchema":"1a1c01bbd47fc00a2c39e90264f33305004495a9","hash":"cbc75f4c5008033a1f8eaf28570ee5810665cbb8"}
,"C:\\Users\\MArk Sameh\\Downloads\\Bill\\Bill\\src\\views\\LoadingPage.js": {"path":"C:\\Users\\MArk Sameh\\Downloads\\Bill\\Bill\\src\\views\\LoadingPage.js","statementMap":{"0":{"start":{"line":5,"column":2},"end":{"line":12,"column":3}}},"fnMap":{"0":{"name":"(anonymous_0)","decl":{"start":{"line":3,"column":15},"end":{"line":3,"column":16}},"loc":{"start":{"line":3,"column":21},"end":{"line":13,"column":1}},"line":3}},"branchMap":{},"s":{"0":2},"f":{"0":2},"b":{},"_coverageSchema":"1a1c01bbd47fc00a2c39e90264f33305004495a9","hash":"eb6d257ac1826fadf93a2ce37f395da51eb9c45d"}
,"C:\\Users\\MArk Sameh\\Downloads\\Bill\\Bill\\src\\views\\LoginUI.js": {"path":"C:\\Users\\MArk Sameh\\Downloads\\Bill\\Bill\\src\\views\\LoginUI.js","statementMap":{"0":{"start":{"line":4,"column":2},"end":{"line":46,"column":4}}},"fnMap":{"0":{"name":"(anonymous_0)","decl":{"start":{"line":2,"column":15},"end":{"line":2,"column":16}},"loc":{"start":{"line":2,"column":21},"end":{"line":47,"column":1}},"line":2}},"branchMap":{},"s":{"0":10},"f":{"0":10},"b":{},"_coverageSchema":"1a1c01bbd47fc00a2c39e90264f33305004495a9","hash":"2ab8c8763aeb0c4d2cb18a75a2244e5af076bdb3"}
,"C:\\Users\\MArk Sameh\\Downloads\\Bill\\Bill\\src\\views\\NewBillUI.js": {"path":"C:\\Users\\MArk Sameh\\Downloads\\Bill\\Bill\\src\\views\\NewBillUI.js","statementMap":{"0":{"start":{"line":4,"column":1},"end":{"line":72,"column":4}}},"fnMap":{"0":{"name":"(anonymous_0)","decl":{"start":{"line":3,"column":15},"end":{"line":3,"column":16}},"loc":{"start":{"line":3,"column":21},"end":{"line":73,"column":1}},"line":3}},"branchMap":{},"s":{"0":5},"f":{"0":5},"b":{},"_coverageSchema":"1a1c01bbd47fc00a2c39e90264f33305004495a9","hash":"013c78d818fad7abacbf657d918a78b73d1524cb"}
,"C:\\Users\\MArk Sameh\\Downloads\\Bill\\Bill\\src\\views\\VerticalLayout.js": {"path":"C:\\Users\\MArk Sameh\\Downloads\\Bill\\Bill\\src\\views\\VerticalLayout.js","statementMap":{"0":{"start":{"line":7,"column":4},"end":{"line":7,"column":51}},"1":{"start":{"line":8,"column":4},"end":{"line":10,"column":5}},"2":{"start":{"line":9,"column":6},"end":{"line":9,"column":29}},"3":{"start":{"line":11,"column":4},"end":{"line":39,"column":5}},"4":{"start":{"line":12,"column":6},"end":{"line":27,"column":7}},"5":{"start":{"line":29,"column":6},"end":{"line":38,"column":7}}},"fnMap":{"0":{"name":"(anonymous_0)","decl":{"start":{"line":5,"column":15},"end":{"line":5,"column":16}},"loc":{"start":{"line":5,"column":27},"end":{"line":40,"column":1}},"line":5}},"branchMap":{"0":{"loc":{"start":{"line":8,"column":4},"end":{"line":10,"column":5}},"type":"if","locations":[{"start":{"line":8,"column":4},"end":{"line":10,"column":5}},{"start":{"line":8,"column":4},"end":{"line":10,"column":5}}],"line":8},"1":{"loc":{"start":{"line":11,"column":4},"end":{"line":39,"column":5}},"type":"if","locations":[{"start":{"line":11,"column":4},"end":{"line":39,"column":5}},{"start":{"line":11,"column":4},"end":{"line":39,"column":5}}],"line":11},"2":{"loc":{"start":{"line":11,"column":8},"end":{"line":11,"column":40}},"type":"binary-expr","locations":[{"start":{"line":11,"column":8},"end":{"line":11,"column":12}},{"start":{"line":11,"column":16},"end":{"line":11,"column":40}}],"line":11}},"s":{"0":26,"1":26,"2":7,"3":26,"4":1,"5":25},"f":{"0":26},"b":{"0":[7,19],"1":[1,25],"2":[26,7]},"_coverageSchema":"1a1c01bbd47fc00a2c39e90264f33305004495a9","hash":"36e127f017747828abd26fe66568cef8e3de8675"}
}
