{"/Users/abtisuser/Desktop/Bill/src/constants/routes.js": {"path":"/Users/abtisuser/Desktop/Bill/src/constants/routes.js","statementMap":{"0":{"start":{"line":6,"column":27},"end":{"line":11,"column":1}},"1":{"start":{"line":13,"column":22},"end":{"line":26,"column":1}},"2":{"start":{"line":14,"column":2},"end":{"line":25,"column":3}},"3":{"start":{"line":16,"column":6},"end":{"line":16,"column":46}},"4":{"start":{"line":18,"column":6},"end":{"line":18,"column":46}},"5":{"start":{"line":20,"column":6},"end":{"line":20,"column":24}},"6":{"start":{"line":22,"column":6},"end":{"line":22,"column":50}},"7":{"start":{"line":24,"column":6},"end":{"line":24,"column":46}}},"fnMap":{"0":{"name":"(anonymous_0)","decl":{"start":{"line":13,"column":22},"end":{"line":13,"column":23}},"loc":{"start":{"line":13,"column":62},"end":{"line":26,"column":1}},"line":13}},"branchMap":{"0":{"loc":{"start":{"line":14,"column":2},"end":{"line":25,"column":3}},"type":"switch","locations":[{"start":{"line":15,"column":4},"end":{"line":16,"column":46}},{"start":{"line":17,"column":4},"end":{"line":18,"column":46}},{"start":{"line":19,"column":4},"end":{"line":20,"column":24}},{"start":{"line":21,"column":4},"end":{"line":22,"column":50}},{"start":{"line":23,"column":4},"end":{"line":24,"column":46}}],"line":14}},"s":{"0":6,"1":6,"2":15,"3":3,"4":3,"5":3,"6":5,"7":1},"f":{"0":15},"b":{"0":[3,3,3,5,1]},"_coverageSchema":"1a1c01bbd47fc00a2c39e90264f33305004495a9","hash":"44f271845d563b293ca0c57011e1b616b1f3463f"}
,"/Users/abtisuser/Desktop/Bill/src/constants/usersTest.js": {"path":"/Users/abtisuser/Desktop/Bill/src/constants/usersTest.js","statementMap":{},"fnMap":{},"branchMap":{},"s":{},"f":{},"b":{},"_coverageSchema":"1a1c01bbd47fc00a2c39e90264f33305004495a9","hash":"2c301c2a82b44e55a7a229014cf7314168e1574c"}
,"/Users/abtisuser/Desktop/Bill/src/containers/Bills.js": {"path":"/Users/abtisuser/Desktop/Bill/src/containers/Bills.js","statementMap":{"0":{"start":{"line":7,"column":2},"end":{"line":7,"column":27}},"1":{"start":{"line":8,"column":2},"end":{"line":8,"column":31}},"2":{"start":{"line":9,"column":2},"end":{"line":9,"column":29}},"3":{"start":{"line":10,"column":24},"end":{"line":12,"column":3}},"4":{"start":{"line":13,"column":2},"end":{"line":15,"column":3}},"5":{"start":{"line":14,"column":3},"end":{"line":14,"column":68}},"6":{"start":{"line":16,"column":18},"end":{"line":18,"column":3}},"7":{"start":{"line":20,"column":2},"end":{"line":26,"column":3}},"8":{"start":{"line":21,"column":3},"end":{"line":25,"column":6}},"9":{"start":{"line":22,"column":4},"end":{"line":24,"column":6}},"10":{"start":{"line":23,"column":5},"end":{"line":23,"column":34}},"11":{"start":{"line":27,"column":2},"end":{"line":27,"column":53}},"12":{"start":{"line":30,"column":22},"end":{"line":32,"column":2}},"13":{"start":{"line":31,"column":2},"end":{"line":31,"column":42}},"14":{"start":{"line":34,"column":22},"end":{"line":48,"column":2}},"15":{"start":{"line":35,"column":2},"end":{"line":35,"column":34}},"16":{"start":{"line":36,"column":18},"end":{"line":36,"column":66}},"17":{"start":{"line":37,"column":19},"end":{"line":37,"column":61}},"18":{"start":{"line":38,"column":2},"end":{"line":42,"column":5}},"19":{"start":{"line":43,"column":2},"end":{"line":45,"column":3}},"20":{"start":{"line":44,"column":3},"end":{"line":44,"column":34}},"21":{"start":{"line":51,"column":12},"end":{"line":72,"column":2}},"22":{"start":{"line":52,"column":20},"end":{"line":54,"column":7}},"23":{"start":{"line":55,"column":2},"end":{"line":71,"column":3}},"24":{"start":{"line":56,"column":3},"end":{"line":70,"column":29}},"25":{"start":{"line":61,"column":19},"end":{"line":67,"column":49}},"26":{"start":{"line":62,"column":21},"end":{"line":66,"column":7}},"27":{"start":{"line":67,"column":24},"end":{"line":67,"column":48}},"28":{"start":{"line":68,"column":5},"end":{"line":68,"column":18}},"29":{"start":{"line":70,"column":22},"end":{"line":70,"column":27}}},"fnMap":{"0":{"name":"(anonymous_0)","decl":{"start":{"line":6,"column":1},"end":{"line":6,"column":2}},"loc":{"start":{"line":6,"column":64},"end":{"line":28,"column":2}},"line":6},"1":{"name":"(anonymous_1)","decl":{"start":{"line":21,"column":19},"end":{"line":21,"column":20}},"loc":{"start":{"line":21,"column":29},"end":{"line":25,"column":4}},"line":21},"2":{"name":"(anonymous_2)","decl":{"start":{"line":22,"column":35},"end":{"line":22,"column":36}},"loc":{"start":{"line":23,"column":5},"end":{"line":23,"column":34}},"line":23},"3":{"name":"(anonymous_3)","decl":{"start":{"line":30,"column":22},"end":{"line":30,"column":23}},"loc":{"start":{"line":30,"column":28},"end":{"line":32,"column":2}},"line":30},"4":{"name":"(anonymous_4)","decl":{"start":{"line":34,"column":22},"end":{"line":34,"column":23}},"loc":{"start":{"line":34,"column":32},"end":{"line":48,"column":2}},"line":34},"5":{"name":"(anonymous_5)","decl":{"start":{"line":51,"column":12},"end":{"line":51,"column":13}},"loc":{"start":{"line":51,"column":18},"end":{"line":72,"column":2}},"line":51},"6":{"name":"(anonymous_6)","decl":{"start":{"line":60,"column":10},"end":{"line":60,"column":11}},"loc":{"start":{"line":60,"column":24},"end":{"line":69,"column":5}},"line":60},"7":{"name":"(anonymous_7)","decl":{"start":{"line":62,"column":11},"end":{"line":62,"column":12}},"loc":{"start":{"line":62,"column":21},"end":{"line":66,"column":7}},"line":62},"8":{"name":"(anonymous_8)","decl":{"start":{"line":67,"column":14},"end":{"line":67,"column":15}},"loc":{"start":{"line":67,"column":24},"end":{"line":67,"column":48}},"line":67},"9":{"name":"(anonymous_9)","decl":{"start":{"line":70,"column":11},"end":{"line":70,"column":12}},"loc":{"start":{"line":70,"column":22},"end":{"line":70,"column":27}},"line":70}},"branchMap":{"0":{"loc":{"start":{"line":13,"column":2},"end":{"line":15,"column":3}},"type":"if","locations":[{"start":{"line":13,"column":2},"end":{"line":15,"column":3}},{"start":{"line":13,"column":2},"end":{"line":15,"column":3}}],"line":13},"1":{"loc":{"start":{"line":20,"column":2},"end":{"line":26,"column":3}},"type":"if","locations":[{"start":{"line":20,"column":2},"end":{"line":26,"column":3}},{"start":{"line":20,"column":2},"end":{"line":26,"column":3}}],"line":20},"2":{"loc":{"start":{"line":43,"column":2},"end":{"line":45,"column":3}},"type":"if","locations":[{"start":{"line":43,"column":2},"end":{"line":45,"column":3}},{"start":{"line":43,"column":2},"end":{"line":45,"column":3}}],"line":43},"3":{"loc":{"start":{"line":52,"column":20},"end":{"line":54,"column":7}},"type":"cond-expr","locations":[{"start":{"line":53,"column":5},"end":{"line":53,"column":51}},{"start":{"line":54,"column":5},"end":{"line":54,"column":7}}],"line":52},"4":{"loc":{"start":{"line":55,"column":2},"end":{"line":71,"column":3}},"type":"if","locations":[{"start":{"line":55,"column":2},"end":{"line":71,"column":3}},{"start":{"line":55,"column":2},"end":{"line":71,"column":3}}],"line":55}},"s":{"0":3,"1":3,"2":3,"3":3,"4":3,"5":2,"6":3,"7":3,"8":3,"9":5,"10":1,"11":3,"12":3,"13":2,"14":3,"15":2,"16":2,"17":2,"18":2,"19":2,"20":0,"21":3,"22":0,"23":0,"24":0,"25":0,"26":0,"27":0,"28":0,"29":0},"f":{"0":3,"1":5,"2":1,"3":2,"4":2,"5":0,"6":0,"7":0,"8":0,"9":0},"b":{"0":[2,1],"1":[3,0],"2":[0,2],"3":[0,0],"4":[0,0]},"_coverageSchema":"1a1c01bbd47fc00a2c39e90264f33305004495a9","hash":"275cd581c5c8eb7aec9ec33b715eb87bd6083923"}
,"/Users/abtisuser/Desktop/Bill/src/containers/Dashboard.js": {"path":"/Users/abtisuser/Desktop/Bill/src/containers/Dashboard.js","statementMap":{"0":{"start":{"line":8,"column":29},"end":{"line":28,"column":1}},"1":{"start":{"line":9,"column":1},"end":{"line":27,"column":7}},"2":{"start":{"line":14,"column":4},"end":{"line":23,"column":5}},"3":{"start":{"line":15,"column":5},"end":{"line":15,"column":46}},"4":{"start":{"line":18,"column":23},"end":{"line":19,"column":12}},"5":{"start":{"line":20,"column":5},"end":{"line":22,"column":54}},"6":{"start":{"line":25,"column":4},"end":{"line":25,"column":27}},"7":{"start":{"line":30,"column":20},"end":{"line":57,"column":1}},"8":{"start":{"line":31,"column":27},"end":{"line":31,"column":51}},"9":{"start":{"line":32,"column":19},"end":{"line":34,"column":6}},"10":{"start":{"line":35,"column":18},"end":{"line":37,"column":21}},"11":{"start":{"line":39,"column":1},"end":{"line":56,"column":4}},"12":{"start":{"line":59,"column":21},"end":{"line":63,"column":1}},"13":{"start":{"line":60,"column":1},"end":{"line":62,"column":7}},"14":{"start":{"line":61,"column":24},"end":{"line":61,"column":34}},"15":{"start":{"line":65,"column":25},"end":{"line":74,"column":1}},"16":{"start":{"line":66,"column":1},"end":{"line":73,"column":2}},"17":{"start":{"line":68,"column":3},"end":{"line":68,"column":20}},"18":{"start":{"line":70,"column":3},"end":{"line":70,"column":21}},"19":{"start":{"line":72,"column":3},"end":{"line":72,"column":20}},"20":{"start":{"line":78,"column":2},"end":{"line":78,"column":27}},"21":{"start":{"line":79,"column":2},"end":{"line":79,"column":31}},"22":{"start":{"line":80,"column":2},"end":{"line":80,"column":29}},"23":{"start":{"line":81,"column":2},"end":{"line":81,"column":70}},"24":{"start":{"line":81,"column":33},"end":{"line":81,"column":68}},"25":{"start":{"line":82,"column":2},"end":{"line":82,"column":70}},"26":{"start":{"line":82,"column":33},"end":{"line":82,"column":68}},"27":{"start":{"line":83,"column":2},"end":{"line":83,"column":70}},"28":{"start":{"line":83,"column":33},"end":{"line":83,"column":68}},"29":{"start":{"line":84,"column":2},"end":{"line":84,"column":26}},"30":{"start":{"line":85,"column":2},"end":{"line":85,"column":43}},"31":{"start":{"line":88,"column":22},"end":{"line":98,"column":2}},"32":{"start":{"line":89,"column":18},"end":{"line":89,"column":56}},"33":{"start":{"line":90,"column":19},"end":{"line":90,"column":67}},"34":{"start":{"line":91,"column":2},"end":{"line":95,"column":5}},"35":{"start":{"line":96,"column":2},"end":{"line":97,"column":40}},"36":{"start":{"line":97,"column":3},"end":{"line":97,"column":40}},"37":{"start":{"line":101,"column":2},"end":{"line":118,"column":3}},"38":{"start":{"line":105,"column":3},"end":{"line":105,"column":60}},"39":{"start":{"line":107,"column":3},"end":{"line":109,"column":9}},"40":{"start":{"line":110,"column":3},"end":{"line":110,"column":50}},"41":{"start":{"line":112,"column":3},"end":{"line":114,"column":6}},"42":{"start":{"line":113,"column":4},"end":{"line":113,"column":58}},"43":{"start":{"line":115,"column":3},"end":{"line":115,"column":60}},"44":{"start":{"line":116,"column":3},"end":{"line":116,"column":67}},"45":{"start":{"line":117,"column":3},"end":{"line":117,"column":50}},"46":{"start":{"line":119,"column":2},"end":{"line":119,"column":50}},"47":{"start":{"line":120,"column":2},"end":{"line":120,"column":71}},"48":{"start":{"line":120,"column":37},"end":{"line":120,"column":69}},"49":{"start":{"line":121,"column":2},"end":{"line":121,"column":71}},"50":{"start":{"line":121,"column":37},"end":{"line":121,"column":69}},"51":{"start":{"line":124,"column":22},"end":{"line":133,"column":2}},"52":{"start":{"line":125,"column":2},"end":{"line":125,"column":42}},"53":{"start":{"line":126,"column":18},"end":{"line":130,"column":3}},"54":{"start":{"line":131,"column":2},"end":{"line":131,"column":27}},"55":{"start":{"line":132,"column":2},"end":{"line":132,"column":44}},"56":{"start":{"line":135,"column":22},"end":{"line":143,"column":2}},"57":{"start":{"line":136,"column":18},"end":{"line":140,"column":3}},"58":{"start":{"line":141,"column":2},"end":{"line":141,"column":27}},"59":{"start":{"line":142,"column":2},"end":{"line":142,"column":44}},"60":{"start":{"line":146,"column":2},"end":{"line":147,"column":20}},"61":{"start":{"line":147,"column":3},"end":{"line":147,"column":20}},"62":{"start":{"line":148,"column":2},"end":{"line":149,"column":22}},"63":{"start":{"line":149,"column":3},"end":{"line":149,"column":22}},"64":{"start":{"line":150,"column":2},"end":{"line":160,"column":3}},"65":{"start":{"line":151,"column":3},"end":{"line":151,"column":68}},"66":{"start":{"line":152,"column":3},"end":{"line":154,"column":5}},"67":{"start":{"line":155,"column":3},"end":{"line":155,"column":18}},"68":{"start":{"line":157,"column":3},"end":{"line":157,"column":69}},"69":{"start":{"line":158,"column":3},"end":{"line":158,"column":54}},"70":{"start":{"line":159,"column":3},"end":{"line":159,"column":18}},"71":{"start":{"line":162,"column":2},"end":{"line":166,"column":5}},"72":{"start":{"line":163,"column":3},"end":{"line":165,"column":5}},"73":{"start":{"line":164,"column":4},"end":{"line":164,"column":41}},"74":{"start":{"line":168,"column":2},"end":{"line":168,"column":15}},"75":{"start":{"line":172,"column":20},"end":{"line":189,"column":2}},"76":{"start":{"line":173,"column":2},"end":{"line":188,"column":3}},"77":{"start":{"line":174,"column":3},"end":{"line":187,"column":24}},"78":{"start":{"line":179,"column":19},"end":{"line":184,"column":8}},"79":{"start":{"line":179,"column":47},"end":{"line":184,"column":6}},"80":{"start":{"line":185,"column":5},"end":{"line":185,"column":18}},"81":{"start":{"line":192,"column":14},"end":{"line":200,"column":2}},"82":{"start":{"line":193,"column":2},"end":{"line":199,"column":3}},"83":{"start":{"line":194,"column":3},"end":{"line":198,"column":24}},"84":{"start":{"line":197,"column":20},"end":{"line":197,"column":24}}},"fnMap":{"0":{"name":"(anonymous_0)","decl":{"start":{"line":8,"column":29},"end":{"line":8,"column":30}},"loc":{"start":{"line":8,"column":47},"end":{"line":28,"column":1}},"line":8},"1":{"name":"(anonymous_1)","decl":{"start":{"line":10,"column":16},"end":{"line":10,"column":17}},"loc":{"start":{"line":10,"column":26},"end":{"line":26,"column":5}},"line":10},"2":{"name":"(anonymous_2)","decl":{"start":{"line":30,"column":20},"end":{"line":30,"column":21}},"loc":{"start":{"line":30,"column":30},"end":{"line":57,"column":1}},"line":30},"3":{"name":"(anonymous_3)","decl":{"start":{"line":59,"column":21},"end":{"line":59,"column":22}},"loc":{"start":{"line":59,"column":32},"end":{"line":63,"column":1}},"line":59},"4":{"name":"(anonymous_4)","decl":{"start":{"line":61,"column":14},"end":{"line":61,"column":15}},"loc":{"start":{"line":61,"column":24},"end":{"line":61,"column":34}},"line":61},"5":{"name":"(anonymous_5)","decl":{"start":{"line":65,"column":25},"end":{"line":65,"column":26}},"loc":{"start":{"line":65,"column":36},"end":{"line":74,"column":1}},"line":65},"6":{"name":"(anonymous_6)","decl":{"start":{"line":77,"column":1},"end":{"line":77,"column":2}},"loc":{"start":{"line":77,"column":71},"end":{"line":86,"column":2}},"line":77},"7":{"name":"(anonymous_7)","decl":{"start":{"line":81,"column":26},"end":{"line":81,"column":27}},"loc":{"start":{"line":81,"column":33},"end":{"line":81,"column":68}},"line":81},"8":{"name":"(anonymous_8)","decl":{"start":{"line":82,"column":26},"end":{"line":82,"column":27}},"loc":{"start":{"line":82,"column":33},"end":{"line":82,"column":68}},"line":82},"9":{"name":"(anonymous_9)","decl":{"start":{"line":83,"column":26},"end":{"line":83,"column":27}},"loc":{"start":{"line":83,"column":33},"end":{"line":83,"column":68}},"line":83},"10":{"name":"(anonymous_10)","decl":{"start":{"line":88,"column":22},"end":{"line":88,"column":23}},"loc":{"start":{"line":88,"column":28},"end":{"line":98,"column":2}},"line":88},"11":{"name":"(anonymous_11)","decl":{"start":{"line":100,"column":1},"end":{"line":100,"column":2}},"loc":{"start":{"line":100,"column":34},"end":{"line":122,"column":2}},"line":100},"12":{"name":"(anonymous_12)","decl":{"start":{"line":112,"column":17},"end":{"line":112,"column":18}},"loc":{"start":{"line":112,"column":24},"end":{"line":114,"column":4}},"line":112},"13":{"name":"(anonymous_13)","decl":{"start":{"line":120,"column":30},"end":{"line":120,"column":31}},"loc":{"start":{"line":120,"column":37},"end":{"line":120,"column":69}},"line":120},"14":{"name":"(anonymous_14)","decl":{"start":{"line":121,"column":30},"end":{"line":121,"column":31}},"loc":{"start":{"line":121,"column":37},"end":{"line":121,"column":69}},"line":121},"15":{"name":"(anonymous_15)","decl":{"start":{"line":124,"column":22},"end":{"line":124,"column":23}},"loc":{"start":{"line":124,"column":35},"end":{"line":133,"column":2}},"line":124},"16":{"name":"(anonymous_16)","decl":{"start":{"line":135,"column":22},"end":{"line":135,"column":23}},"loc":{"start":{"line":135,"column":35},"end":{"line":143,"column":2}},"line":135},"17":{"name":"(anonymous_17)","decl":{"start":{"line":145,"column":1},"end":{"line":145,"column":2}},"loc":{"start":{"line":145,"column":36},"end":{"line":169,"column":2}},"line":145},"18":{"name":"(anonymous_18)","decl":{"start":{"line":162,"column":16},"end":{"line":162,"column":17}},"loc":{"start":{"line":162,"column":26},"end":{"line":166,"column":3}},"line":162},"19":{"name":"(anonymous_19)","decl":{"start":{"line":163,"column":35},"end":{"line":163,"column":36}},"loc":{"start":{"line":164,"column":4},"end":{"line":164,"column":41}},"line":164},"20":{"name":"(anonymous_20)","decl":{"start":{"line":172,"column":20},"end":{"line":172,"column":21}},"loc":{"start":{"line":172,"column":26},"end":{"line":189,"column":2}},"line":172},"21":{"name":"(anonymous_21)","decl":{"start":{"line":178,"column":10},"end":{"line":178,"column":11}},"loc":{"start":{"line":178,"column":24},"end":{"line":186,"column":5}},"line":178},"22":{"name":"(anonymous_22)","decl":{"start":{"line":179,"column":37},"end":{"line":179,"column":38}},"loc":{"start":{"line":179,"column":47},"end":{"line":184,"column":6}},"line":179},"23":{"name":"(anonymous_23)","decl":{"start":{"line":192,"column":14},"end":{"line":192,"column":15}},"loc":{"start":{"line":192,"column":24},"end":{"line":200,"column":2}},"line":192},"24":{"name":"(anonymous_24)","decl":{"start":{"line":197,"column":10},"end":{"line":197,"column":11}},"loc":{"start":{"line":197,"column":20},"end":{"line":197,"column":24}},"line":197}},"branchMap":{"0":{"loc":{"start":{"line":9,"column":8},"end":{"line":27,"column":6}},"type":"cond-expr","locations":[{"start":{"line":10,"column":4},"end":{"line":26,"column":6}},{"start":{"line":27,"column":4},"end":{"line":27,"column":6}}],"line":9},"1":{"loc":{"start":{"line":9,"column":8},"end":{"line":9,"column":27}},"type":"binary-expr","locations":[{"start":{"line":9,"column":8},"end":{"line":9,"column":12}},{"start":{"line":9,"column":16},"end":{"line":9,"column":27}}],"line":9},"2":{"loc":{"start":{"line":14,"column":4},"end":{"line":23,"column":5}},"type":"if","locations":[{"start":{"line":14,"column":4},"end":{"line":23,"column":5}},{"start":{"line":14,"column":4},"end":{"line":23,"column":5}}],"line":14},"3":{"loc":{"start":{"line":21,"column":6},"end":{"line":22,"column":53}},"type":"binary-expr","locations":[{"start":{"line":21,"column":6},"end":{"line":21,"column":28}},{"start":{"line":22,"column":6},"end":{"line":22,"column":53}}],"line":21},"4":{"loc":{"start":{"line":32,"column":19},"end":{"line":34,"column":6}},"type":"cond-expr","locations":[{"start":{"line":33,"column":4},"end":{"line":33,"column":35}},{"start":{"line":34,"column":4},"end":{"line":34,"column":6}}],"line":32},"5":{"loc":{"start":{"line":35,"column":18},"end":{"line":37,"column":21}},"type":"cond-expr","locations":[{"start":{"line":36,"column":4},"end":{"line":36,"column":35}},{"start":{"line":37,"column":4},"end":{"line":37,"column":21}}],"line":35},"6":{"loc":{"start":{"line":60,"column":8},"end":{"line":62,"column":6}},"type":"cond-expr","locations":[{"start":{"line":61,"column":4},"end":{"line":61,"column":44}},{"start":{"line":62,"column":4},"end":{"line":62,"column":6}}],"line":60},"7":{"loc":{"start":{"line":60,"column":8},"end":{"line":60,"column":29}},"type":"binary-expr","locations":[{"start":{"line":60,"column":8},"end":{"line":60,"column":13}},{"start":{"line":60,"column":17},"end":{"line":60,"column":29}}],"line":60},"8":{"loc":{"start":{"line":66,"column":1},"end":{"line":73,"column":2}},"type":"switch","locations":[{"start":{"line":67,"column":2},"end":{"line":68,"column":20}},{"start":{"line":69,"column":2},"end":{"line":70,"column":21}},{"start":{"line":71,"column":2},"end":{"line":72,"column":20}}],"line":66},"9":{"loc":{"start":{"line":96,"column":2},"end":{"line":97,"column":40}},"type":"if","locations":[{"start":{"line":96,"column":2},"end":{"line":97,"column":40}},{"start":{"line":96,"column":2},"end":{"line":97,"column":40}}],"line":96},"10":{"loc":{"start":{"line":101,"column":2},"end":{"line":118,"column":3}},"type":"if","locations":[{"start":{"line":101,"column":2},"end":{"line":118,"column":3}},{"start":{"line":101,"column":2},"end":{"line":118,"column":3}}],"line":101},"11":{"loc":{"start":{"line":146,"column":2},"end":{"line":147,"column":20}},"type":"if","locations":[{"start":{"line":146,"column":2},"end":{"line":147,"column":20}},{"start":{"line":146,"column":2},"end":{"line":147,"column":20}}],"line":146},"12":{"loc":{"start":{"line":146,"column":6},"end":{"line":146,"column":56}},"type":"binary-expr","locations":[{"start":{"line":146,"column":6},"end":{"line":146,"column":32}},{"start":{"line":146,"column":36},"end":{"line":146,"column":56}}],"line":146},"13":{"loc":{"start":{"line":148,"column":2},"end":{"line":149,"column":22}},"type":"if","locations":[{"start":{"line":148,"column":2},"end":{"line":149,"column":22}},{"start":{"line":148,"column":2},"end":{"line":149,"column":22}}],"line":148},"14":{"loc":{"start":{"line":148,"column":6},"end":{"line":148,"column":54}},"type":"binary-expr","locations":[{"start":{"line":148,"column":6},"end":{"line":148,"column":30}},{"start":{"line":148,"column":34},"end":{"line":148,"column":54}}],"line":148},"15":{"loc":{"start":{"line":150,"column":2},"end":{"line":160,"column":3}},"type":"if","locations":[{"start":{"line":150,"column":2},"end":{"line":160,"column":3}},{"start":{"line":150,"column":2},"end":{"line":160,"column":3}}],"line":150},"16":{"loc":{"start":{"line":173,"column":2},"end":{"line":188,"column":3}},"type":"if","locations":[{"start":{"line":173,"column":2},"end":{"line":188,"column":3}},{"start":{"line":173,"column":2},"end":{"line":188,"column":3}}],"line":173},"17":{"loc":{"start":{"line":193,"column":2},"end":{"line":199,"column":3}},"type":"if","locations":[{"start":{"line":193,"column":2},"end":{"line":199,"column":3}},{"start":{"line":193,"column":2},"end":{"line":199,"column":3}}],"line":193}},"s":{"0":6,"1":27,"2":24,"3":24,"4":0,"5":0,"6":24,"7":6,"8":8,"9":8,"10":8,"11":8,"12":6,"13":5,"14":8,"15":6,"16":3,"17":1,"18":1,"19":1,"20":5,"21":5,"22":5,"23":5,"24":0,"25":5,"26":0,"27":5,"28":0,"29":5,"30":5,"31":5,"32":1,"33":1,"34":1,"35":1,"36":0,"37":2,"38":1,"39":1,"40":1,"41":1,"42":4,"43":1,"44":1,"45":1,"46":2,"47":2,"48":0,"49":2,"50":0,"51":5,"52":1,"53":1,"54":1,"55":1,"56":5,"57":1,"58":1,"59":1,"60":4,"61":3,"62":4,"63":3,"64":4,"65":3,"66":3,"67":3,"68":1,"69":1,"70":1,"71":4,"72":16,"73":0,"74":4,"75":5,"76":5,"77":0,"78":0,"79":0,"80":0,"81":5,"82":2,"83":0,"84":0},"f":{"0":27,"1":24,"2":8,"3":5,"4":8,"5":3,"6":5,"7":0,"8":0,"9":0,"10":1,"11":2,"12":4,"13":0,"14":0,"15":1,"16":1,"17":4,"18":16,"19":0,"20":5,"21":0,"22":0,"23":2,"24":0},"b":{"0":[6,21],"1":[27,6],"2":[24,0],"3":[0,0],"4":[0,8],"5":[0,8],"6":[4,1],"7":[5,5],"8":[1,1,1],"9":[0,1],"10":[1,1],"11":[3,1],"12":[4,3],"13":[3,1],"14":[4,3],"15":[3,1],"16":[0,5],"17":[0,2]},"_coverageSchema":"1a1c01bbd47fc00a2c39e90264f33305004495a9","hash":"9cefd47058101f08197c542c1b6a7d487b42118b"}
,"/Users/abtisuser/Desktop/Bill/src/containers/Login.js": {"path":"/Users/abtisuser/Desktop/Bill/src/containers/Login.js","statementMap":{"0":{"start":{"line":3,"column":31},"end":{"line":3,"column":33}},"1":{"start":{"line":8,"column":4},"end":{"line":8,"column":28}},"2":{"start":{"line":9,"column":4},"end":{"line":9,"column":36}},"3":{"start":{"line":10,"column":4},"end":{"line":10,"column":32}},"4":{"start":{"line":11,"column":4},"end":{"line":11,"column":46}},"5":{"start":{"line":12,"column":4},"end":{"line":12,"column":30}},"6":{"start":{"line":13,"column":25},"end":{"line":13,"column":89}},"7":{"start":{"line":14,"column":4},"end":{"line":14,"column":70}},"8":{"start":{"line":15,"column":22},"end":{"line":15,"column":83}},"9":{"start":{"line":16,"column":4},"end":{"line":16,"column":64}},"10":{"start":{"line":18,"column":25},"end":{"line":33,"column":3}},"11":{"start":{"line":19,"column":17},"end":{"line":24,"column":5}},"12":{"start":{"line":25,"column":4},"end":{"line":25,"column":59}},"13":{"start":{"line":26,"column":23},"end":{"line":26,"column":51}},"14":{"start":{"line":27,"column":4},"end":{"line":27,"column":42}},"15":{"start":{"line":27,"column":21},"end":{"line":27,"column":42}},"16":{"start":{"line":28,"column":4},"end":{"line":28,"column":22}},"17":{"start":{"line":29,"column":4},"end":{"line":29,"column":41}},"18":{"start":{"line":30,"column":4},"end":{"line":30,"column":49}},"19":{"start":{"line":31,"column":4},"end":{"line":31,"column":46}},"20":{"start":{"line":32,"column":4},"end":{"line":32,"column":51}},"21":{"start":{"line":35,"column":22},"end":{"line":50,"column":3}},"22":{"start":{"line":36,"column":17},"end":{"line":41,"column":5}},"23":{"start":{"line":42,"column":4},"end":{"line":42,"column":59}},"24":{"start":{"line":43,"column":23},"end":{"line":43,"column":51}},"25":{"start":{"line":44,"column":4},"end":{"line":44,"column":42}},"26":{"start":{"line":44,"column":21},"end":{"line":44,"column":42}},"27":{"start":{"line":45,"column":4},"end":{"line":45,"column":22}},"28":{"start":{"line":46,"column":4},"end":{"line":46,"column":45}},"29":{"start":{"line":47,"column":4},"end":{"line":47,"column":53}},"30":{"start":{"line":48,"column":4},"end":{"line":48,"column":46}},"31":{"start":{"line":49,"column":4},"end":{"line":49,"column":46}},"32":{"start":{"line":53,"column":22},"end":{"line":70,"column":3}},"33":{"start":{"line":54,"column":4},"end":{"line":69,"column":5}},"34":{"start":{"line":55,"column":6},"end":{"line":66,"column":28}},"35":{"start":{"line":59,"column":8},"end":{"line":64,"column":9}},"36":{"start":{"line":60,"column":10},"end":{"line":60,"column":55}},"37":{"start":{"line":61,"column":10},"end":{"line":61,"column":21}},"38":{"start":{"line":63,"column":10},"end":{"line":63,"column":22}},"39":{"start":{"line":66,"column":22},"end":{"line":66,"column":27}},"40":{"start":{"line":68,"column":6},"end":{"line":68,"column":17}},"41":{"start":{"line":73,"column":15},"end":{"line":87,"column":3}},"42":{"start":{"line":74,"column":4},"end":{"line":86,"column":5}},"43":{"start":{"line":75,"column":6},"end":{"line":83,"column":28}},"44":{"start":{"line":82,"column":18},"end":{"line":82,"column":67}},"45":{"start":{"line":83,"column":22},"end":{"line":83,"column":27}},"46":{"start":{"line":85,"column":6},"end":{"line":85,"column":17}}},"fnMap":{"0":{"name":"(anonymous_0)","decl":{"start":{"line":7,"column":2},"end":{"line":7,"column":3}},"loc":{"start":{"line":7,"column":84},"end":{"line":17,"column":3}},"line":7},"1":{"name":"(anonymous_1)","decl":{"start":{"line":18,"column":25},"end":{"line":18,"column":26}},"loc":{"start":{"line":18,"column":30},"end":{"line":33,"column":3}},"line":18},"2":{"name":"(anonymous_2)","decl":{"start":{"line":35,"column":22},"end":{"line":35,"column":23}},"loc":{"start":{"line":35,"column":27},"end":{"line":50,"column":3}},"line":35},"3":{"name":"(anonymous_3)","decl":{"start":{"line":53,"column":22},"end":{"line":53,"column":23}},"loc":{"start":{"line":53,"column":32},"end":{"line":70,"column":3}},"line":53},"4":{"name":"(anonymous_4)","decl":{"start":{"line":58,"column":12},"end":{"line":58,"column":13}},"loc":{"start":{"line":58,"column":21},"end":{"line":65,"column":7}},"line":58},"5":{"name":"(anonymous_5)","decl":{"start":{"line":66,"column":13},"end":{"line":66,"column":14}},"loc":{"start":{"line":66,"column":22},"end":{"line":66,"column":27}},"line":66},"6":{"name":"(anonymous_6)","decl":{"start":{"line":73,"column":15},"end":{"line":73,"column":16}},"loc":{"start":{"line":73,"column":25},"end":{"line":87,"column":3}},"line":73},"7":{"name":"(anonymous_7)","decl":{"start":{"line":82,"column":12},"end":{"line":82,"column":13}},"loc":{"start":{"line":82,"column":18},"end":{"line":82,"column":67}},"line":82},"8":{"name":"(anonymous_8)","decl":{"start":{"line":83,"column":13},"end":{"line":83,"column":14}},"loc":{"start":{"line":83,"column":22},"end":{"line":83,"column":27}},"line":83}},"branchMap":{"0":{"loc":{"start":{"line":27,"column":4},"end":{"line":27,"column":42}},"type":"if","locations":[{"start":{"line":27,"column":4},"end":{"line":27,"column":42}},{"start":{"line":27,"column":4},"end":{"line":27,"column":42}}],"line":27},"1":{"loc":{"start":{"line":44,"column":4},"end":{"line":44,"column":42}},"type":"if","locations":[{"start":{"line":44,"column":4},"end":{"line":44,"column":42}},{"start":{"line":44,"column":4},"end":{"line":44,"column":42}}],"line":44},"2":{"loc":{"start":{"line":54,"column":4},"end":{"line":69,"column":5}},"type":"if","locations":[{"start":{"line":54,"column":4},"end":{"line":69,"column":5}},{"start":{"line":54,"column":4},"end":{"line":69,"column":5}}],"line":54},"3":{"loc":{"start":{"line":59,"column":8},"end":{"line":64,"column":9}},"type":"if","locations":[{"start":{"line":59,"column":8},"end":{"line":64,"column":9}},{"start":{"line":59,"column":8},"end":{"line":64,"column":9}}],"line":59},"4":{"loc":{"start":{"line":74,"column":4},"end":{"line":86,"column":5}},"type":"if","locations":[{"start":{"line":74,"column":4},"end":{"line":86,"column":5}},{"start":{"line":74,"column":4},"end":{"line":86,"column":5}}],"line":74}},"s":{"0":1,"1":2,"2":2,"3":2,"4":2,"5":2,"6":2,"7":2,"8":2,"9":2,"10":2,"11":2,"12":2,"13":2,"14":2,"15":2,"16":2,"17":2,"18":2,"19":2,"20":2,"21":2,"22":2,"23":2,"24":2,"25":2,"26":2,"27":2,"28":2,"29":2,"30":2,"31":2,"32":2,"33":4,"34":0,"35":0,"36":0,"37":0,"38":0,"39":0,"40":4,"41":2,"42":4,"43":0,"44":0,"45":0,"46":4},"f":{"0":2,"1":2,"2":2,"3":4,"4":0,"5":0,"6":4,"7":0,"8":0},"b":{"0":[2,0],"1":[2,0],"2":[0,4],"3":[0,0],"4":[0,4]},"_coverageSchema":"1a1c01bbd47fc00a2c39e90264f33305004495a9","hash":"a0eedde22ebcb7f3232e1e5f3c3e1baac2be646c"}
,"/Users/abtisuser/Desktop/Bill/src/containers/Logout.js": {"path":"/Users/abtisuser/Desktop/Bill/src/containers/Logout.js","statementMap":{"0":{"start":{"line":5,"column":4},"end":{"line":5,"column":28}},"1":{"start":{"line":6,"column":4},"end":{"line":6,"column":32}},"2":{"start":{"line":7,"column":4},"end":{"line":7,"column":36}},"3":{"start":{"line":8,"column":4},"end":{"line":8,"column":51}},"4":{"start":{"line":11,"column":16},"end":{"line":14,"column":3}},"5":{"start":{"line":12,"column":4},"end":{"line":12,"column":29}},"6":{"start":{"line":13,"column":4},"end":{"line":13,"column":41}}},"fnMap":{"0":{"name":"(anonymous_0)","decl":{"start":{"line":4,"column":2},"end":{"line":4,"column":3}},"loc":{"start":{"line":4,"column":54},"end":{"line":9,"column":3}},"line":4},"1":{"name":"(anonymous_1)","decl":{"start":{"line":11,"column":16},"end":{"line":11,"column":17}},"loc":{"start":{"line":11,"column":23},"end":{"line":14,"column":3}},"line":11}},"branchMap":{},"s":{"0":11,"1":11,"2":11,"3":11,"4":11,"5":2,"6":2},"f":{"0":11,"1":2},"b":{},"_coverageSchema":"1a1c01bbd47fc00a2c39e90264f33305004495a9","hash":"9abe37fd746560b80595f0507d0f50633fb23f74"}
,"/Users/abtisuser/Desktop/Bill/src/containers/NewBill.js": {"path":"/Users/abtisuser/Desktop/Bill/src/containers/NewBill.js","statementMap":{"0":{"start":{"line":6,"column":2},"end":{"line":6,"column":27}},"1":{"start":{"line":7,"column":2},"end":{"line":7,"column":31}},"2":{"start":{"line":8,"column":2},"end":{"line":8,"column":29}},"3":{"start":{"line":9,"column":22},"end":{"line":11,"column":3}},"4":{"start":{"line":12,"column":2},"end":{"line":12,"column":60}},"5":{"start":{"line":13,"column":15},"end":{"line":13,"column":71}},"6":{"start":{"line":14,"column":2},"end":{"line":14,"column":57}},"7":{"start":{"line":15,"column":2},"end":{"line":15,"column":22}},"8":{"start":{"line":16,"column":2},"end":{"line":16,"column":23}},"9":{"start":{"line":17,"column":2},"end":{"line":17,"column":53}},"10":{"start":{"line":19,"column":16},"end":{"line":73,"column":2}},"11":{"start":{"line":20,"column":2},"end":{"line":20,"column":21}},"12":{"start":{"line":22,"column":15},"end":{"line":23,"column":12}},"13":{"start":{"line":24,"column":19},"end":{"line":24,"column":29}},"14":{"start":{"line":25,"column":2},"end":{"line":72,"column":6}},"15":{"start":{"line":28,"column":23},"end":{"line":28,"column":52}},"16":{"start":{"line":35,"column":4},"end":{"line":71,"column":30}},"17":{"start":{"line":69,"column":6},"end":{"line":69,"column":44}},"18":{"start":{"line":71,"column":23},"end":{"line":71,"column":28}}},"fnMap":{"0":{"name":"(anonymous_0)","decl":{"start":{"line":5,"column":1},"end":{"line":5,"column":2}},"loc":{"start":{"line":5,"column":64},"end":{"line":18,"column":2}},"line":5},"1":{"name":"(anonymous_1)","decl":{"start":{"line":19,"column":16},"end":{"line":19,"column":17}},"loc":{"start":{"line":19,"column":23},"end":{"line":73,"column":2}},"line":19},"2":{"name":"(anonymous_2)","decl":{"start":{"line":28,"column":9},"end":{"line":28,"column":10}},"loc":{"start":{"line":28,"column":23},"end":{"line":28,"column":52}},"line":28},"3":{"name":"(anonymous_3)","decl":{"start":{"line":29,"column":9},"end":{"line":29,"column":10}},"loc":{"start":{"line":29,"column":18},"end":{"line":72,"column":4}},"line":29},"4":{"name":"(anonymous_4)","decl":{"start":{"line":68,"column":11},"end":{"line":68,"column":12}},"loc":{"start":{"line":68,"column":17},"end":{"line":70,"column":6}},"line":68},"5":{"name":"(anonymous_5)","decl":{"start":{"line":71,"column":12},"end":{"line":71,"column":13}},"loc":{"start":{"line":71,"column":23},"end":{"line":71,"column":28}},"line":71}},"branchMap":{"0":{"loc":{"start":{"line":56,"column":7},"end":{"line":60,"column":14}},"type":"binary-expr","locations":[{"start":{"line":56,"column":7},"end":{"line":60,"column":8}},{"start":{"line":60,"column":12},"end":{"line":60,"column":14}}],"line":56}},"s":{"0":2,"1":2,"2":2,"3":2,"4":2,"5":2,"6":2,"7":2,"8":2,"9":2,"10":2,"11":1,"12":1,"13":1,"14":1,"15":0,"16":0,"17":0,"18":0},"f":{"0":2,"1":1,"2":0,"3":0,"4":0,"5":0},"b":{"0":[0,0]},"_coverageSchema":"1a1c01bbd47fc00a2c39e90264f33305004495a9","hash":"fa1292afea12bcdcf4ccf415858334779cd529ad"}
,"/Users/abtisuser/Desktop/Bill/src/views/Actions.js": {"path":"/Users/abtisuser/Desktop/Bill/src/views/Actions.js","statementMap":{"0":{"start":{"line":4,"column":1},"end":{"line":8,"column":12}}},"fnMap":{"0":{"name":"(anonymous_0)","decl":{"start":{"line":3,"column":15},"end":{"line":3,"column":16}},"loc":{"start":{"line":3,"column":28},"end":{"line":9,"column":1}},"line":3}},"branchMap":{},"s":{"0":3},"f":{"0":3},"b":{},"_coverageSchema":"1a1c01bbd47fc00a2c39e90264f33305004495a9","hash":"d4db358ef711022812b9eece3398c305d7182415"}
,"/Users/abtisuser/Desktop/Bill/src/views/BillsUI.js": {"path":"/Users/abtisuser/Desktop/Bill/src/views/BillsUI.js","statementMap":{"0":{"start":{"line":7,"column":12},"end":{"line":24,"column":1}},"1":{"start":{"line":8,"column":1},"end":{"line":23,"column":6}},"2":{"start":{"line":26,"column":13},"end":{"line":28,"column":1}},"3":{"start":{"line":27,"column":1},"end":{"line":27,"column":74}},"4":{"start":{"line":27,"column":49},"end":{"line":27,"column":58}},"5":{"start":{"line":31,"column":15},"end":{"line":46,"column":3}},"6":{"start":{"line":31,"column":21},"end":{"line":46,"column":3}},"7":{"start":{"line":48,"column":1},"end":{"line":52,"column":2}},"8":{"start":{"line":49,"column":2},"end":{"line":49,"column":23}},"9":{"start":{"line":50,"column":8},"end":{"line":52,"column":2}},"10":{"start":{"line":51,"column":2},"end":{"line":51,"column":26}},"11":{"start":{"line":54,"column":1},"end":{"line":81,"column":12}}},"fnMap":{"0":{"name":"(anonymous_0)","decl":{"start":{"line":7,"column":12},"end":{"line":7,"column":13}},"loc":{"start":{"line":7,"column":22},"end":{"line":24,"column":1}},"line":7},"1":{"name":"(anonymous_1)","decl":{"start":{"line":26,"column":13},"end":{"line":26,"column":14}},"loc":{"start":{"line":26,"column":23},"end":{"line":28,"column":1}},"line":26},"2":{"name":"(anonymous_2)","decl":{"start":{"line":27,"column":39},"end":{"line":27,"column":40}},"loc":{"start":{"line":27,"column":49},"end":{"line":27,"column":58}},"line":27},"3":{"name":"(anonymous_3)","decl":{"start":{"line":30,"column":15},"end":{"line":30,"column":16}},"loc":{"start":{"line":30,"column":52},"end":{"line":82,"column":1}},"line":30},"4":{"name":"(anonymous_4)","decl":{"start":{"line":31,"column":15},"end":{"line":31,"column":16}},"loc":{"start":{"line":31,"column":21},"end":{"line":46,"column":3}},"line":31}},"branchMap":{"0":{"loc":{"start":{"line":27,"column":8},"end":{"line":27,"column":73}},"type":"cond-expr","locations":[{"start":{"line":27,"column":30},"end":{"line":27,"column":68}},{"start":{"line":27,"column":71},"end":{"line":27,"column":73}}],"line":27},"1":{"loc":{"start":{"line":27,"column":8},"end":{"line":27,"column":27}},"type":"binary-expr","locations":[{"start":{"line":27,"column":8},"end":{"line":27,"column":12}},{"start":{"line":27,"column":16},"end":{"line":27,"column":27}}],"line":27},"2":{"loc":{"start":{"line":48,"column":1},"end":{"line":52,"column":2}},"type":"if","locations":[{"start":{"line":48,"column":1},"end":{"line":52,"column":2}},{"start":{"line":48,"column":1},"end":{"line":52,"column":2}}],"line":48},"3":{"loc":{"start":{"line":50,"column":8},"end":{"line":52,"column":2}},"type":"if","locations":[{"start":{"line":50,"column":8},"end":{"line":52,"column":2}},{"start":{"line":50,"column":8},"end":{"line":52,"column":2}}],"line":50}},"s":{"0":6,"1":4,"2":6,"3":6,"4":4,"5":6,"6":6,"7":6,"8":0,"9":6,"10":0,"11":6},"f":{"0":4,"1":6,"2":4,"3":6,"4":6},"b":{"0":[1,5],"1":[6,3],"2":[0,6],"3":[0,6]},"_coverageSchema":"1a1c01bbd47fc00a2c39e90264f33305004495a9","hash":"909cee422a1e4580d7a9d44eba7a6a3fc60a5f64"}
,"/Users/abtisuser/Desktop/Bill/src/views/DashboardFormUI.js": {"path":"/Users/abtisuser/Desktop/Bill/src/views/DashboardFormUI.js","statementMap":{"0":{"start":{"line":7,"column":21},"end":{"line":22,"column":4}},"1":{"start":{"line":7,"column":28},"end":{"line":22,"column":3}},"2":{"start":{"line":26,"column":2},"end":{"line":101,"column":4}}},"fnMap":{"0":{"name":"(anonymous_0)","decl":{"start":{"line":7,"column":21},"end":{"line":7,"column":22}},"loc":{"start":{"line":7,"column":28},"end":{"line":22,"column":3}},"line":7},"1":{"name":"(anonymous_1)","decl":{"start":{"line":24,"column":15},"end":{"line":24,"column":16}},"loc":{"start":{"line":24,"column":25},"end":{"line":102,"column":1}},"line":24}},"branchMap":{"0":{"loc":{"start":{"line":79,"column":9},"end":{"line":89,"column":9}},"type":"cond-expr","locations":[{"start":{"line":79,"column":38},"end":{"line":84,"column":8}},{"start":{"line":84,"column":13},"end":{"line":89,"column":8}}],"line":79},"1":{"loc":{"start":{"line":92,"column":8},"end":{"line":97,"column":13}},"type":"cond-expr","locations":[{"start":{"line":92,"column":37},"end":{"line":97,"column":7}},{"start":{"line":97,"column":11},"end":{"line":97,"column":13}}],"line":92}},"s":{"0":7,"1":8,"2":8},"f":{"0":8,"1":8},"b":{"0":[5,3],"1":[5,3]},"_coverageSchema":"1a1c01bbd47fc00a2c39e90264f33305004495a9","hash":"a574d871eb0af27a8d6e991b62ad70c5b9807695"}
,"/Users/abtisuser/Desktop/Bill/src/views/DashboardUI.js": {"path":"/Users/abtisuser/Desktop/Bill/src/views/DashboardUI.js","statementMap":{"0":{"start":{"line":10,"column":2},"end":{"line":14,"column":3}},"1":{"start":{"line":11,"column":4},"end":{"line":11,"column":24}},"2":{"start":{"line":12,"column":9},"end":{"line":14,"column":3}},"3":{"start":{"line":13,"column":4},"end":{"line":13,"column":27}},"4":{"start":{"line":16,"column":2},"end":{"line":48,"column":3}}},"fnMap":{"0":{"name":"(anonymous_0)","decl":{"start":{"line":8,"column":15},"end":{"line":8,"column":16}},"loc":{"start":{"line":8,"column":45},"end":{"line":49,"column":1}},"line":8}},"branchMap":{"0":{"loc":{"start":{"line":10,"column":2},"end":{"line":14,"column":3}},"type":"if","locations":[{"start":{"line":10,"column":2},"end":{"line":14,"column":3}},{"start":{"line":10,"column":2},"end":{"line":14,"column":3}}],"line":10},"1":{"loc":{"start":{"line":12,"column":9},"end":{"line":14,"column":3}},"type":"if","locations":[{"start":{"line":12,"column":9},"end":{"line":14,"column":3}},{"start":{"line":12,"column":9},"end":{"line":14,"column":3}}],"line":12},"2":{"loc":{"start":{"line":22,"column":42},"end":{"line":22,"column":60}},"type":"binary-expr","locations":[{"start":{"line":22,"column":42},"end":{"line":22,"column":46}},{"start":{"line":22,"column":50},"end":{"line":22,"column":60}}],"line":22},"3":{"loc":{"start":{"line":29,"column":45},"end":{"line":29,"column":63}},"type":"binary-expr","locations":[{"start":{"line":29,"column":45},"end":{"line":29,"column":49}},{"start":{"line":29,"column":53},"end":{"line":29,"column":63}}],"line":29},"4":{"loc":{"start":{"line":36,"column":45},"end":{"line":36,"column":63}},"type":"binary-expr","locations":[{"start":{"line":36,"column":45},"end":{"line":36,"column":49}},{"start":{"line":36,"column":53},"end":{"line":36,"column":63}}],"line":36}},"s":{"0":11,"1":1,"2":10,"3":3,"4":7},"f":{"0":11},"b":{"0":[1,10],"1":[3,7],"2":[7,2],"3":[7,2],"4":[7,2]},"_coverageSchema":"1a1c01bbd47fc00a2c39e90264f33305004495a9","hash":"be880eecddb98dc86e8aea9fa1c4045d97033a9e"}
,"/Users/abtisuser/Desktop/Bill/src/views/ErrorPage.js": {"path":"/Users/abtisuser/Desktop/Bill/src/views/ErrorPage.js","statementMap":{"0":{"start":{"line":5,"column":2},"end":{"line":16,"column":3}}},"fnMap":{"0":{"name":"(anonymous_0)","decl":{"start":{"line":3,"column":15},"end":{"line":3,"column":16}},"loc":{"start":{"line":3,"column":26},"end":{"line":17,"column":1}},"line":3}},"branchMap":{"0":{"loc":{"start":{"line":13,"column":12},"end":{"line":13,"column":30}},"type":"cond-expr","locations":[{"start":{"line":13,"column":20},"end":{"line":13,"column":25}},{"start":{"line":13,"column":28},"end":{"line":13,"column":30}}],"line":13}},"s":{"0":5},"f":{"0":5},"b":{"0":[4,1]},"_coverageSchema":"1a1c01bbd47fc00a2c39e90264f33305004495a9","hash":"0bf6dfecd4b0f8c7754a3c3cd60d92af5578c2b7"}
,"/Users/abtisuser/Desktop/Bill/src/views/LoadingPage.js": {"path":"/Users/abtisuser/Desktop/Bill/src/views/LoadingPage.js","statementMap":{"0":{"start":{"line":5,"column":2},"end":{"line":12,"column":3}}},"fnMap":{"0":{"name":"(anonymous_0)","decl":{"start":{"line":3,"column":15},"end":{"line":3,"column":16}},"loc":{"start":{"line":3,"column":21},"end":{"line":13,"column":1}},"line":3}},"branchMap":{},"s":{"0":2},"f":{"0":2},"b":{},"_coverageSchema":"1a1c01bbd47fc00a2c39e90264f33305004495a9","hash":"ebf0afd6f487ecd11b5915501000274bc59ffcce"}
,"/Users/abtisuser/Desktop/Bill/src/views/LoginUI.js": {"path":"/Users/abtisuser/Desktop/Bill/src/views/LoginUI.js","statementMap":{"0":{"start":{"line":4,"column":2},"end":{"line":46,"column":4}}},"fnMap":{"0":{"name":"(anonymous_0)","decl":{"start":{"line":2,"column":15},"end":{"line":2,"column":16}},"loc":{"start":{"line":2,"column":21},"end":{"line":47,"column":1}},"line":2}},"branchMap":{},"s":{"0":10},"f":{"0":10},"b":{},"_coverageSchema":"1a1c01bbd47fc00a2c39e90264f33305004495a9","hash":"14f2170e7de506f20ad0726c388dfe829bf6bd59"}
,"/Users/abtisuser/Desktop/Bill/src/views/NewBillUI.js": {"path":"/Users/abtisuser/Desktop/Bill/src/views/NewBillUI.js","statementMap":{"0":{"start":{"line":4,"column":1},"end":{"line":72,"column":4}}},"fnMap":{"0":{"name":"(anonymous_0)","decl":{"start":{"line":3,"column":15},"end":{"line":3,"column":16}},"loc":{"start":{"line":3,"column":21},"end":{"line":73,"column":1}},"line":3}},"branchMap":{},"s":{"0":5},"f":{"0":5},"b":{},"_coverageSchema":"1a1c01bbd47fc00a2c39e90264f33305004495a9","hash":"48f365b7d354c14885800af6464090c45fc97b47"}
,"/Users/abtisuser/Desktop/Bill/src/views/VerticalLayout.js": {"path":"/Users/abtisuser/Desktop/Bill/src/views/VerticalLayout.js","statementMap":{"0":{"start":{"line":7,"column":4},"end":{"line":7,"column":51}},"1":{"start":{"line":8,"column":4},"end":{"line":10,"column":5}},"2":{"start":{"line":9,"column":6},"end":{"line":9,"column":29}},"3":{"start":{"line":11,"column":4},"end":{"line":39,"column":5}},"4":{"start":{"line":12,"column":6},"end":{"line":27,"column":7}},"5":{"start":{"line":29,"column":6},"end":{"line":38,"column":7}}},"fnMap":{"0":{"name":"(anonymous_0)","decl":{"start":{"line":5,"column":15},"end":{"line":5,"column":16}},"loc":{"start":{"line":5,"column":27},"end":{"line":40,"column":1}},"line":5}},"branchMap":{"0":{"loc":{"start":{"line":8,"column":4},"end":{"line":10,"column":5}},"type":"if","locations":[{"start":{"line":8,"column":4},"end":{"line":10,"column":5}},{"start":{"line":8,"column":4},"end":{"line":10,"column":5}}],"line":8},"1":{"loc":{"start":{"line":11,"column":4},"end":{"line":39,"column":5}},"type":"if","locations":[{"start":{"line":11,"column":4},"end":{"line":39,"column":5}},{"start":{"line":11,"column":4},"end":{"line":39,"column":5}}],"line":11},"2":{"loc":{"start":{"line":11,"column":8},"end":{"line":11,"column":40}},"type":"binary-expr","locations":[{"start":{"line":11,"column":8},"end":{"line":11,"column":12}},{"start":{"line":11,"column":16},"end":{"line":11,"column":40}}],"line":11}},"s":{"0":26,"1":26,"2":7,"3":26,"4":1,"5":25},"f":{"0":26},"b":{"0":[7,19],"1":[1,25],"2":[26,7]},"_coverageSchema":"1a1c01bbd47fc00a2c39e90264f33305004495a9","hash":"a207d87a29b5628f8e435939aac6a4f02ef8234b"}
}
