TN:
SF:src/constants/routes.js
FN:13,(anonymous_0)
FNF:1
FNH:1
FNDA:15,(anonymous_0)
DA:6,6
DA:13,6
DA:14,15
DA:16,3
DA:18,3
DA:20,3
DA:22,5
DA:24,1
LF:8
LH:8
BRDA:14,0,0,3
BRDA:14,0,1,3
BRDA:14,0,2,3
BRDA:14,0,3,5
BRDA:14,0,4,1
BRF:5
BRH:5
end_of_record
TN:
SF:src/constants/usersTest.js
FNF:0
FNH:0
LF:0
LH:0
BRF:0
BRH:0
end_of_record
TN:
SF:src/containers/Bills.js
FN:6,(anonymous_0)
FN:21,(anonymous_1)
FN:22,(anonymous_2)
FN:30,(anonymous_3)
FN:34,(anonymous_4)
FN:51,(anonymous_5)
FN:60,(anonymous_6)
FN:62,(anonymous_7)
FN:67,(anonymous_8)
FN:70,(anonymous_9)
FNF:10
FNH:5
FNDA:3,(anonymous_0)
FNDA:5,(anonymous_1)
FNDA:1,(anonymous_2)
FNDA:2,(anonymous_3)
FNDA:2,(anonymous_4)
FNDA:0,(anonymous_5)
FNDA:0,(anonymous_6)
FNDA:0,(anonymous_7)
FNDA:0,(anonymous_8)
FNDA:0,(anonymous_9)
DA:7,3
DA:8,3
DA:9,3
DA:10,3
DA:13,3
DA:14,2
DA:16,3
DA:20,3
DA:21,3
DA:22,5
DA:23,1
DA:27,3
DA:30,3
DA:31,2
DA:34,3
DA:35,2
DA:36,2
DA:37,2
DA:38,2
DA:43,2
DA:44,0
DA:51,3
DA:52,0
DA:55,0
DA:56,0
DA:61,0
DA:62,0
DA:67,0
DA:68,0
DA:70,0
LF:30
LH:21
BRDA:13,0,0,2
BRDA:13,0,1,1
BRDA:20,1,0,3
BRDA:20,1,1,0
BRDA:43,2,0,0
BRDA:43,2,1,2
BRDA:52,3,0,0
BRDA:52,3,1,0
BRDA:55,4,0,0
BRDA:55,4,1,0
BRF:10
BRH:4
end_of_record
TN:
SF:src/containers/Dashboard.js
FN:8,(anonymous_0)
FN:10,(anonymous_1)
FN:30,(anonymous_2)
FN:59,(anonymous_3)
FN:61,(anonymous_4)
FN:65,(anonymous_5)
FN:77,(anonymous_6)
FN:81,(anonymous_7)
FN:82,(anonymous_8)
FN:83,(anonymous_9)
FN:88,(anonymous_10)
FN:100,(anonymous_11)
FN:112,(anonymous_12)
FN:120,(anonymous_13)
FN:121,(anonymous_14)
FN:124,(anonymous_15)
FN:135,(anonymous_16)
FN:145,(anonymous_17)
FN:162,(anonymous_18)
FN:163,(anonymous_19)
FN:172,(anonymous_20)
FN:178,(anonymous_21)
FN:179,(anonymous_22)
FN:192,(anonymous_23)
FN:197,(anonymous_24)
FNF:25
FNH:16
FNDA:27,(anonymous_0)
FNDA:24,(anonymous_1)
FNDA:8,(anonymous_2)
FNDA:5,(anonymous_3)
FNDA:8,(anonymous_4)
FNDA:3,(anonymous_5)
FNDA:5,(anonymous_6)
FNDA:0,(anonymous_7)
FNDA:0,(anonymous_8)
FNDA:0,(anonymous_9)
FNDA:1,(anonymous_10)
FNDA:2,(anonymous_11)
FNDA:4,(anonymous_12)
FNDA:0,(anonymous_13)
FNDA:0,(anonymous_14)
FNDA:1,(anonymous_15)
FNDA:1,(anonymous_16)
FNDA:4,(anonymous_17)
FNDA:16,(anonymous_18)
FNDA:0,(anonymous_19)
FNDA:5,(anonymous_20)
FNDA:0,(anonymous_21)
FNDA:0,(anonymous_22)
FNDA:2,(anonymous_23)
FNDA:0,(anonymous_24)
DA:8,6
DA:9,27
DA:14,24
DA:15,24
DA:18,0
DA:20,0
DA:25,24
DA:30,6
DA:31,8
DA:32,8
DA:35,8
DA:39,8
DA:59,6
DA:60,5
DA:61,8
DA:65,6
DA:66,3
DA:68,1
DA:70,1
DA:72,1
DA:78,5
DA:79,5
DA:80,5
DA:81,5
DA:82,5
DA:83,5
DA:84,5
DA:85,5
DA:88,5
DA:89,1
DA:90,1
DA:91,1
DA:96,1
DA:97,0
DA:101,2
DA:105,1
DA:107,1
DA:110,1
DA:112,1
DA:113,4
DA:115,1
DA:116,1
DA:117,1
DA:119,2
DA:120,2
DA:121,2
DA:124,5
DA:125,1
DA:126,1
DA:131,1
DA:132,1
DA:135,5
DA:136,1
DA:141,1
DA:142,1
DA:146,4
DA:147,3
DA:148,4
DA:149,3
DA:150,4
DA:151,3
DA:152,3
DA:155,3
DA:157,1
DA:158,1
DA:159,1
DA:162,4
DA:163,16
DA:164,0
DA:168,4
DA:172,5
DA:173,5
DA:174,0
DA:179,0
DA:185,0
DA:192,5
DA:193,2
DA:194,0
DA:197,0
LF:79
LH:70
BRDA:9,0,0,6
BRDA:9,0,1,21
BRDA:9,1,0,27
BRDA:9,1,1,6
BRDA:14,2,0,24
BRDA:14,2,1,0
BRDA:21,3,0,0
BRDA:21,3,1,0
BRDA:32,4,0,0
BRDA:32,4,1,8
BRDA:35,5,0,0
BRDA:35,5,1,8
BRDA:60,6,0,4
BRDA:60,6,1,1
BRDA:60,7,0,5
BRDA:60,7,1,5
BRDA:66,8,0,1
BRDA:66,8,1,1
BRDA:66,8,2,1
BRDA:96,9,0,0
BRDA:96,9,1,1
BRDA:101,10,0,1
BRDA:101,10,1,1
BRDA:146,11,0,3
BRDA:146,11,1,1
BRDA:146,12,0,4
BRDA:146,12,1,3
BRDA:148,13,0,3
BRDA:148,13,1,1
BRDA:148,14,0,4
BRDA:148,14,1,3
BRDA:150,15,0,3
BRDA:150,15,1,1
BRDA:173,16,0,0
BRDA:173,16,1,5
BRDA:193,17,0,0
BRDA:193,17,1,2
BRF:37
BRH:29
end_of_record
TN:
SF:src/containers/Login.js
FN:7,(anonymous_0)
FN:18,(anonymous_1)
FN:35,(anonymous_2)
FN:53,(anonymous_3)
FN:58,(anonymous_4)
FN:66,(anonymous_5)
FN:73,(anonymous_6)
FN:82,(anonymous_7)
FN:83,(anonymous_8)
FNF:9
FNH:5
FNDA:2,(anonymous_0)
FNDA:2,(anonymous_1)
FNDA:2,(anonymous_2)
FNDA:4,(anonymous_3)
FNDA:0,(anonymous_4)
FNDA:0,(anonymous_5)
FNDA:4,(anonymous_6)
FNDA:0,(anonymous_7)
FNDA:0,(anonymous_8)
DA:3,1
DA:8,2
DA:9,2
DA:10,2
DA:11,2
DA:12,2
DA:13,2
DA:14,2
DA:15,2
DA:16,2
DA:18,2
DA:19,2
DA:25,2
DA:26,2
DA:27,2
DA:28,2
DA:29,2
DA:30,2
DA:31,2
DA:32,2
DA:35,2
DA:36,2
DA:42,2
DA:43,2
DA:44,2
DA:45,2
DA:46,2
DA:47,2
DA:48,2
DA:49,2
DA:53,2
DA:54,4
DA:55,0
DA:59,0
DA:60,0
DA:61,0
DA:63,0
DA:66,0
DA:68,4
DA:73,2
DA:74,4
DA:75,0
DA:82,0
DA:83,0
DA:85,4
LF:45
LH:36
BRDA:27,0,0,2
BRDA:27,0,1,0
BRDA:44,1,0,2
BRDA:44,1,1,0
BRDA:54,2,0,0
BRDA:54,2,1,4
BRDA:59,3,0,0
BRDA:59,3,1,0
BRDA:74,4,0,0
BRDA:74,4,1,4
BRF:10
BRH:4
end_of_record
TN:
SF:src/containers/Logout.js
FN:4,(anonymous_0)
FN:11,(anonymous_1)
FNF:2
FNH:2
FNDA:11,(anonymous_0)
FNDA:2,(anonymous_1)
DA:5,11
DA:6,11
DA:7,11
DA:8,11
DA:11,11
DA:12,2
DA:13,2
LF:7
LH:7
BRF:0
BRH:0
end_of_record
TN:
SF:src/containers/NewBill.js
FN:5,(anonymous_0)
FN:19,(anonymous_1)
FN:28,(anonymous_2)
FN:29,(anonymous_3)
FN:68,(anonymous_4)
FN:71,(anonymous_5)
FNF:6
FNH:2
FNDA:2,(anonymous_0)
FNDA:1,(anonymous_1)
FNDA:0,(anonymous_2)
FNDA:0,(anonymous_3)
FNDA:0,(anonymous_4)
FNDA:0,(anonymous_5)
DA:6,2
DA:7,2
DA:8,2
DA:9,2
DA:12,2
DA:13,2
DA:14,2
DA:15,2
DA:16,2
DA:17,2
DA:19,2
DA:20,1
DA:22,1
DA:24,1
DA:25,1
DA:28,0
DA:35,0
DA:69,0
DA:71,0
LF:19
LH:15
BRDA:56,0,0,0
BRDA:56,0,1,0
BRF:2
BRH:0
end_of_record
TN:
SF:src/views/Actions.js
FN:3,(anonymous_0)
FNF:1
FNH:1
FNDA:3,(anonymous_0)
DA:4,3
LF:1
LH:1
BRF:0
BRH:0
end_of_record
TN:
SF:src/views/BillsUI.js
FN:7,(anonymous_0)
FN:26,(anonymous_1)
FN:27,(anonymous_2)
FN:30,(anonymous_3)
FN:31,(anonymous_4)
FNF:5
FNH:5
FNDA:4,(anonymous_0)
FNDA:6,(anonymous_1)
FNDA:4,(anonymous_2)
FNDA:6,(anonymous_3)
FNDA:6,(anonymous_4)
DA:7,6
DA:8,4
DA:26,6
DA:27,6
DA:31,6
DA:48,6
DA:49,0
DA:50,6
DA:51,0
DA:54,6
LF:10
LH:8
BRDA:27,0,0,1
BRDA:27,0,1,5
BRDA:27,1,0,6
BRDA:27,1,1,3
BRDA:48,2,0,0
BRDA:48,2,1,6
BRDA:50,3,0,0
BRDA:50,3,1,6
BRF:8
BRH:6
end_of_record
TN:
SF:src/views/DashboardFormUI.js
FN:7,(anonymous_0)
FN:24,(anonymous_1)
FNF:2
FNH:2
FNDA:8,(anonymous_0)
FNDA:8,(anonymous_1)
DA:7,8
DA:26,8
LF:2
LH:2
BRDA:79,0,0,5
BRDA:79,0,1,3
BRDA:92,1,0,5
BRDA:92,1,1,3
BRF:4
BRH:4
end_of_record
TN:
SF:src/views/DashboardUI.js
FN:8,(anonymous_0)
FNF:1
FNH:1
FNDA:11,(anonymous_0)
DA:10,11
DA:11,1
DA:12,10
DA:13,3
DA:16,7
LF:5
LH:5
BRDA:10,0,0,1
BRDA:10,0,1,10
BRDA:12,1,0,3
BRDA:12,1,1,7
BRDA:22,2,0,7
BRDA:22,2,1,2
BRDA:29,3,0,7
BRDA:29,3,1,2
BRDA:36,4,0,7
BRDA:36,4,1,2
BRF:10
BRH:10
end_of_record
TN:
SF:src/views/ErrorPage.js
FN:3,(anonymous_0)
FNF:1
FNH:1
FNDA:5,(anonymous_0)
DA:5,5
LF:1
LH:1
BRDA:13,0,0,4
BRDA:13,0,1,1
BRF:2
BRH:2
end_of_record
TN:
SF:src/views/LoadingPage.js
FN:3,(anonymous_0)
FNF:1
FNH:1
FNDA:2,(anonymous_0)
DA:5,2
LF:1
LH:1
BRF:0
BRH:0
end_of_record
TN:
SF:src/views/LoginUI.js
FN:2,(anonymous_0)
FNF:1
FNH:1
FNDA:10,(anonymous_0)
DA:4,10
LF:1
LH:1
BRF:0
BRH:0
end_of_record
TN:
SF:src/views/NewBillUI.js
FN:3,(anonymous_0)
FNF:1
FNH:1
FNDA:5,(anonymous_0)
DA:4,5
LF:1
LH:1
BRF:0
BRH:0
end_of_record
TN:
SF:src/views/VerticalLayout.js
FN:5,(anonymous_0)
FNF:1
FNH:1
FNDA:26,(anonymous_0)
DA:7,26
DA:8,26
DA:9,7
DA:11,26
DA:12,1
DA:29,25
LF:6
LH:6
BRDA:8,0,0,7
BRDA:8,0,1,19
BRDA:11,1,0,1
BRDA:11,1,1,25
BRDA:11,2,0,26
BRDA:11,2,1,7
BRF:6
BRH:6
end_of_record
